The system is: Linux - 4.4.0-17134-Microsoft - x86_64
Compiling the C compiler identification source file "CMakeCCompilerId.c" succeeded.
Compiler: /usr/bin/cc 
Build flags: 
Id flags: 

The output was:
0


Compilation of the C compiler identification source "CMakeCCompilerId.c" produced "a.out"

The C compiler identification is GNU, found in "/mnt/c/work/node.lua.tour/modules/ubus/build/CMakeFiles/2.8.12.2/CompilerIdC/a.out"

Determining if the C compiler works passed with the following output:
Change Dir: /mnt/c/work/node.lua.tour/modules/ubus/build/CMakeFiles/CMakeTmp

Run Build Command:/usr/bin/make "cmTryCompileExec2640044231/fast"
/usr/bin/make -f CMakeFiles/cmTryCompileExec2640044231.dir/build.make CMakeFiles/cmTryCompileExec2640044231.dir/build
make[1]: Entering directory `/mnt/c/work/node.lua.tour/modules/ubus/build/CMakeFiles/CMakeTmp'
/usr/bin/cmake -E cmake_progress_report /mnt/c/work/node.lua.tour/modules/ubus/build/CMakeFiles/CMakeTmp/CMakeFiles 1
Building C object CMakeFiles/cmTryCompileExec2640044231.dir/testCCompiler.c.o
/usr/bin/cc    -o CMakeFiles/cmTryCompileExec2640044231.dir/testCCompiler.c.o   -c /mnt/c/work/node.lua.tour/modules/ubus/build/CMakeFiles/CMakeTmp/testCCompiler.c
Linking C executable cmTryCompileExec2640044231
/usr/bin/cmake -E cmake_link_script CMakeFiles/cmTryCompileExec2640044231.dir/link.txt --verbose=1
/usr/bin/cc       CMakeFiles/cmTryCompileExec2640044231.dir/testCCompiler.c.o  -o cmTryCompileExec2640044231 -rdynamic 
make[1]: Leaving directory `/mnt/c/work/node.lua.tour/modules/ubus/build/CMakeFiles/CMakeTmp'


Detecting C compiler ABI info compiled with the following output:
Change Dir: /mnt/c/work/node.lua.tour/modules/ubus/build/CMakeFiles/CMakeTmp

Run Build Command:/usr/bin/make "cmTryCompileExec383566971/fast"
/usr/bin/make -f CMakeFiles/cmTryCompileExec383566971.dir/build.make CMakeFiles/cmTryCompileExec383566971.dir/build
make[1]: Entering directory `/mnt/c/work/node.lua.tour/modules/ubus/build/CMakeFiles/CMakeTmp'
/usr/bin/cmake -E cmake_progress_report /mnt/c/work/node.lua.tour/modules/ubus/build/CMakeFiles/CMakeTmp/CMakeFiles 1
Building C object CMakeFiles/cmTryCompileExec383566971.dir/CMakeCCompilerABI.c.o
/usr/bin/cc    -o CMakeFiles/cmTryCompileExec383566971.dir/CMakeCCompilerABI.c.o   -c /usr/share/cmake-2.8/Modules/CMakeCCompilerABI.c
Linking C executable cmTryCompileExec383566971
/usr/bin/cmake -E cmake_link_script CMakeFiles/cmTryCompileExec383566971.dir/link.txt --verbose=1
/usr/bin/cc     -v CMakeFiles/cmTryCompileExec383566971.dir/CMakeCCompilerABI.c.o  -o cmTryCompileExec383566971 -rdynamic  
Using built-in specs.
COLLECT_GCC=/usr/bin/cc
COLLECT_LTO_WRAPPER=/usr/lib/gcc/x86_64-linux-gnu/4.8/lto-wrapper
Target: x86_64-linux-gnu
Configured with: ../src/configure -v --with-pkgversion='Ubuntu 4.8.4-2ubuntu1~14.04.3' --with-bugurl=file:///usr/share/doc/gcc-4.8/README.Bugs --enable-languages=c,c++,java,go,d,fortran,objc,obj-c++ --prefix=/usr --program-suffix=-4.8 --enable-shared --enable-linker-build-id --libexecdir=/usr/lib --without-included-gettext --enable-threads=posix --with-gxx-include-dir=/usr/include/c++/4.8 --libdir=/usr/lib --enable-nls --with-sysroot=/ --enable-clocale=gnu --enable-libstdcxx-debug --enable-libstdcxx-time=yes --enable-gnu-unique-object --disable-libmudflap --enable-plugin --with-system-zlib --disable-browser-plugin --enable-java-awt=gtk --enable-gtk-cairo --with-java-home=/usr/lib/jvm/java-1.5.0-gcj-4.8-amd64/jre --enable-java-home --with-jvm-root-dir=/usr/lib/jvm/java-1.5.0-gcj-4.8-amd64 --with-jvm-jar-dir=/usr/lib/jvm-exports/java-1.5.0-gcj-4.8-amd64 --with-arch-directory=amd64 --with-ecj-jar=/usr/share/java/eclipse-ecj.jar --enable-objc-gc --enable-multiarch --disable-werror --with-arch-32=i686 --with-abi=m64 --with-multilib-list=m32,m64,mx32 --with-tune=generic --enable-checking=release --build=x86_64-linux-gnu --host=x86_64-linux-gnu --target=x86_64-linux-gnu
Thread model: posix
gcc version 4.8.4 (Ubuntu 4.8.4-2ubuntu1~14.04.3) 
COMPILER_PATH=/usr/lib/gcc/x86_64-linux-gnu/4.8/:/usr/lib/gcc/x86_64-linux-gnu/4.8/:/usr/lib/gcc/x86_64-linux-gnu/:/usr/lib/gcc/x86_64-linux-gnu/4.8/:/usr/lib/gcc/x86_64-linux-gnu/
LIBRARY_PATH=/usr/lib/gcc/x86_64-linux-gnu/4.8/:/usr/lib/gcc/x86_64-linux-gnu/4.8/../../../x86_64-linux-gnu/:/usr/lib/gcc/x86_64-linux-gnu/4.8/../../../../lib/:/lib/x86_64-linux-gnu/:/lib/../lib/:/usr/lib/x86_64-linux-gnu/:/usr/lib/../lib/:/usr/lib/gcc/x86_64-linux-gnu/4.8/../../../:/lib/:/usr/lib/
COLLECT_GCC_OPTIONS='-v' '-o' 'cmTryCompileExec383566971' '-rdynamic' '-mtune=generic' '-march=x86-64'
 /usr/lib/gcc/x86_64-linux-gnu/4.8/collect2 --sysroot=/ --build-id --eh-frame-hdr -m elf_x86_64 --hash-style=gnu --as-needed -export-dynamic -dynamic-linker /lib64/ld-linux-x86-64.so.2 -z relro -o cmTryCompileExec383566971 /usr/lib/gcc/x86_64-linux-gnu/4.8/../../../x86_64-linux-gnu/crt1.o /usr/lib/gcc/x86_64-linux-gnu/4.8/../../../x86_64-linux-gnu/crti.o /usr/lib/gcc/x86_64-linux-gnu/4.8/crtbegin.o -L/usr/lib/gcc/x86_64-linux-gnu/4.8 -L/usr/lib/gcc/x86_64-linux-gnu/4.8/../../../x86_64-linux-gnu -L/usr/lib/gcc/x86_64-linux-gnu/4.8/../../../../lib -L/lib/x86_64-linux-gnu -L/lib/../lib -L/usr/lib/x86_64-linux-gnu -L/usr/lib/../lib -L/usr/lib/gcc/x86_64-linux-gnu/4.8/../../.. CMakeFiles/cmTryCompileExec383566971.dir/CMakeCCompilerABI.c.o -lgcc --as-needed -lgcc_s --no-as-needed -lc -lgcc --as-needed -lgcc_s --no-as-needed /usr/lib/gcc/x86_64-linux-gnu/4.8/crtend.o /usr/lib/gcc/x86_64-linux-gnu/4.8/../../../x86_64-linux-gnu/crtn.o
make[1]: Leaving directory `/mnt/c/work/node.lua.tour/modules/ubus/build/CMakeFiles/CMakeTmp'


Parsed C implicit link information from above output:
  link line regex: [^( *|.*[/\])(ld|([^/\]+-)?ld|collect2)[^/\]*( |$)]
  ignore line: [Change Dir: /mnt/c/work/node.lua.tour/modules/ubus/build/CMakeFiles/CMakeTmp]
  ignore line: []
  ignore line: [Run Build Command:/usr/bin/make "cmTryCompileExec383566971/fast"]
  ignore line: [/usr/bin/make -f CMakeFiles/cmTryCompileExec383566971.dir/build.make CMakeFiles/cmTryCompileExec383566971.dir/build]
  ignore line: [make[1]: Entering directory `/mnt/c/work/node.lua.tour/modules/ubus/build/CMakeFiles/CMakeTmp']
  ignore line: [/usr/bin/cmake -E cmake_progress_report /mnt/c/work/node.lua.tour/modules/ubus/build/CMakeFiles/CMakeTmp/CMakeFiles 1]
  ignore line: [Building C object CMakeFiles/cmTryCompileExec383566971.dir/CMakeCCompilerABI.c.o]
  ignore line: [/usr/bin/cc    -o CMakeFiles/cmTryCompileExec383566971.dir/CMakeCCompilerABI.c.o   -c /usr/share/cmake-2.8/Modules/CMakeCCompilerABI.c]
  ignore line: [Linking C executable cmTryCompileExec383566971]
  ignore line: [/usr/bin/cmake -E cmake_link_script CMakeFiles/cmTryCompileExec383566971.dir/link.txt --verbose=1]
  ignore line: [/usr/bin/cc     -v CMakeFiles/cmTryCompileExec383566971.dir/CMakeCCompilerABI.c.o  -o cmTryCompileExec383566971 -rdynamic  ]
  ignore line: [Using built-in specs.]
  ignore line: [COLLECT_GCC=/usr/bin/cc]
  ignore line: [COLLECT_LTO_WRAPPER=/usr/lib/gcc/x86_64-linux-gnu/4.8/lto-wrapper]
  ignore line: [Target: x86_64-linux-gnu]
  ignore line: [Configured with: ../src/configure -v --with-pkgversion='Ubuntu 4.8.4-2ubuntu1~14.04.3' --with-bugurl=file:///usr/share/doc/gcc-4.8/README.Bugs --enable-languages=c,c++,java,go,d,fortran,objc,obj-c++ --prefix=/usr --program-suffix=-4.8 --enable-shared --enable-linker-build-id --libexecdir=/usr/lib --without-included-gettext --enable-threads=posix --with-gxx-include-dir=/usr/include/c++/4.8 --libdir=/usr/lib --enable-nls --with-sysroot=/ --enable-clocale=gnu --enable-libstdcxx-debug --enable-libstdcxx-time=yes --enable-gnu-unique-object --disable-libmudflap --enable-plugin --with-system-zlib --disable-browser-plugin --enable-java-awt=gtk --enable-gtk-cairo --with-java-home=/usr/lib/jvm/java-1.5.0-gcj-4.8-amd64/jre --enable-java-home --with-jvm-root-dir=/usr/lib/jvm/java-1.5.0-gcj-4.8-amd64 --with-jvm-jar-dir=/usr/lib/jvm-exports/java-1.5.0-gcj-4.8-amd64 --with-arch-directory=amd64 --with-ecj-jar=/usr/share/java/eclipse-ecj.jar --enable-objc-gc --enable-multiarch --disable-werror --with-arch-32=i686 --with-abi=m64 --with-multilib-list=m32,m64,mx32 --with-tune=generic --enable-checking=release --build=x86_64-linux-gnu --host=x86_64-linux-gnu --target=x86_64-linux-gnu]
  ignore line: [Thread model: posix]
  ignore line: [gcc version 4.8.4 (Ubuntu 4.8.4-2ubuntu1~14.04.3) ]
  ignore line: [COMPILER_PATH=/usr/lib/gcc/x86_64-linux-gnu/4.8/:/usr/lib/gcc/x86_64-linux-gnu/4.8/:/usr/lib/gcc/x86_64-linux-gnu/:/usr/lib/gcc/x86_64-linux-gnu/4.8/:/usr/lib/gcc/x86_64-linux-gnu/]
  ignore line: [LIBRARY_PATH=/usr/lib/gcc/x86_64-linux-gnu/4.8/:/usr/lib/gcc/x86_64-linux-gnu/4.8/../../../x86_64-linux-gnu/:/usr/lib/gcc/x86_64-linux-gnu/4.8/../../../../lib/:/lib/x86_64-linux-gnu/:/lib/../lib/:/usr/lib/x86_64-linux-gnu/:/usr/lib/../lib/:/usr/lib/gcc/x86_64-linux-gnu/4.8/../../../:/lib/:/usr/lib/]
  ignore line: [COLLECT_GCC_OPTIONS='-v' '-o' 'cmTryCompileExec383566971' '-rdynamic' '-mtune=generic' '-march=x86-64']
  link line: [ /usr/lib/gcc/x86_64-linux-gnu/4.8/collect2 --sysroot=/ --build-id --eh-frame-hdr -m elf_x86_64 --hash-style=gnu --as-needed -export-dynamic -dynamic-linker /lib64/ld-linux-x86-64.so.2 -z relro -o cmTryCompileExec383566971 /usr/lib/gcc/x86_64-linux-gnu/4.8/../../../x86_64-linux-gnu/crt1.o /usr/lib/gcc/x86_64-linux-gnu/4.8/../../../x86_64-linux-gnu/crti.o /usr/lib/gcc/x86_64-linux-gnu/4.8/crtbegin.o -L/usr/lib/gcc/x86_64-linux-gnu/4.8 -L/usr/lib/gcc/x86_64-linux-gnu/4.8/../../../x86_64-linux-gnu -L/usr/lib/gcc/x86_64-linux-gnu/4.8/../../../../lib -L/lib/x86_64-linux-gnu -L/lib/../lib -L/usr/lib/x86_64-linux-gnu -L/usr/lib/../lib -L/usr/lib/gcc/x86_64-linux-gnu/4.8/../../.. CMakeFiles/cmTryCompileExec383566971.dir/CMakeCCompilerABI.c.o -lgcc --as-needed -lgcc_s --no-as-needed -lc -lgcc --as-needed -lgcc_s --no-as-needed /usr/lib/gcc/x86_64-linux-gnu/4.8/crtend.o /usr/lib/gcc/x86_64-linux-gnu/4.8/../../../x86_64-linux-gnu/crtn.o]
    arg [/usr/lib/gcc/x86_64-linux-gnu/4.8/collect2] ==> ignore
    arg [--sysroot=/] ==> ignore
    arg [--build-id] ==> ignore
    arg [--eh-frame-hdr] ==> ignore
    arg [-m] ==> ignore
    arg [elf_x86_64] ==> ignore
    arg [--hash-style=gnu] ==> ignore
    arg [--as-needed] ==> ignore
    arg [-export-dynamic] ==> ignore
    arg [-dynamic-linker] ==> ignore
    arg [/lib64/ld-linux-x86-64.so.2] ==> ignore
    arg [-zrelro] ==> ignore
    arg [-o] ==> ignore
    arg [cmTryCompileExec383566971] ==> ignore
    arg [/usr/lib/gcc/x86_64-linux-gnu/4.8/../../../x86_64-linux-gnu/crt1.o] ==> ignore
    arg [/usr/lib/gcc/x86_64-linux-gnu/4.8/../../../x86_64-linux-gnu/crti.o] ==> ignore
    arg [/usr/lib/gcc/x86_64-linux-gnu/4.8/crtbegin.o] ==> ignore
    arg [-L/usr/lib/gcc/x86_64-linux-gnu/4.8] ==> dir [/usr/lib/gcc/x86_64-linux-gnu/4.8]
    arg [-L/usr/lib/gcc/x86_64-linux-gnu/4.8/../../../x86_64-linux-gnu] ==> dir [/usr/lib/gcc/x86_64-linux-gnu/4.8/../../../x86_64-linux-gnu]
    arg [-L/usr/lib/gcc/x86_64-linux-gnu/4.8/../../../../lib] ==> dir [/usr/lib/gcc/x86_64-linux-gnu/4.8/../../../../lib]
    arg [-L/lib/x86_64-linux-gnu] ==> dir [/lib/x86_64-linux-gnu]
    arg [-L/lib/../lib] ==> dir [/lib/../lib]
    arg [-L/usr/lib/x86_64-linux-gnu] ==> dir [/usr/lib/x86_64-linux-gnu]
    arg [-L/usr/lib/../lib] ==> dir [/usr/lib/../lib]
    arg [-L/usr/lib/gcc/x86_64-linux-gnu/4.8/../../..] ==> dir [/usr/lib/gcc/x86_64-linux-gnu/4.8/../../..]
    arg [CMakeFiles/cmTryCompileExec383566971.dir/CMakeCCompilerABI.c.o] ==> ignore
    arg [-lgcc] ==> lib [gcc]
    arg [--as-needed] ==> ignore
    arg [-lgcc_s] ==> lib [gcc_s]
    arg [--no-as-needed] ==> ignore
    arg [-lc] ==> lib [c]
    arg [-lgcc] ==> lib [gcc]
    arg [--as-needed] ==> ignore
    arg [-lgcc_s] ==> lib [gcc_s]
    arg [--no-as-needed] ==> ignore
    arg [/usr/lib/gcc/x86_64-linux-gnu/4.8/crtend.o] ==> ignore
    arg [/usr/lib/gcc/x86_64-linux-gnu/4.8/../../../x86_64-linux-gnu/crtn.o] ==> ignore
  remove lib [gcc]
  remove lib [gcc_s]
  remove lib [gcc]
  remove lib [gcc_s]
  collapse library dir [/usr/lib/gcc/x86_64-linux-gnu/4.8] ==> [/usr/lib/gcc/x86_64-linux-gnu/4.8]
  collapse library dir [/usr/lib/gcc/x86_64-linux-gnu/4.8/../../../x86_64-linux-gnu] ==> [/usr/lib/x86_64-linux-gnu]
  collapse library dir [/usr/lib/gcc/x86_64-linux-gnu/4.8/../../../../lib] ==> [/usr/lib]
  collapse library dir [/lib/x86_64-linux-gnu] ==> [/lib/x86_64-linux-gnu]
  collapse library dir [/lib/../lib] ==> [/lib]
  collapse library dir [/usr/lib/x86_64-linux-gnu] ==> [/usr/lib/x86_64-linux-gnu]
  collapse library dir [/usr/lib/../lib] ==> [/usr/lib]
  collapse library dir [/usr/lib/gcc/x86_64-linux-gnu/4.8/../../..] ==> [/usr/lib]
  implicit libs: [c]
  implicit dirs: [/usr/lib/gcc/x86_64-linux-gnu/4.8;/usr/lib/x86_64-linux-gnu;/usr/lib;/lib/x86_64-linux-gnu;/lib]
  implicit fwks: []


Determining if the include file fcntl.h exists passed with the following output:
Change Dir: /mnt/c/work/node.lua.tour/modules/ubus/build/CMakeFiles/CMakeTmp

Run Build Command:/usr/bin/make "cmTryCompileExec1962612859/fast"
/usr/bin/make -f CMakeFiles/cmTryCompileExec1962612859.dir/build.make CMakeFiles/cmTryCompileExec1962612859.dir/build
make[1]: Entering directory `/mnt/c/work/node.lua.tour/modules/ubus/build/CMakeFiles/CMakeTmp'
/usr/bin/cmake -E cmake_progress_report /mnt/c/work/node.lua.tour/modules/ubus/build/CMakeFiles/CMakeTmp/CMakeFiles 1
Building C object CMakeFiles/cmTryCompileExec1962612859.dir/CheckIncludeFile.c.o
/usr/bin/cc  -D_GNU_SOURCE  -o CMakeFiles/cmTryCompileExec1962612859.dir/CheckIncludeFile.c.o   -c /mnt/c/work/node.lua.tour/modules/ubus/build/CMakeFiles/CMakeTmp/CheckIncludeFile.c
Linking C executable cmTryCompileExec1962612859
/usr/bin/cmake -E cmake_link_script CMakeFiles/cmTryCompileExec1962612859.dir/link.txt --verbose=1
/usr/bin/cc       CMakeFiles/cmTryCompileExec1962612859.dir/CheckIncludeFile.c.o  -o cmTryCompileExec1962612859 -rdynamic 
make[1]: Leaving directory `/mnt/c/work/node.lua.tour/modules/ubus/build/CMakeFiles/CMakeTmp'


Determining if the include file inttypes.h exists passed with the following output:
Change Dir: /mnt/c/work/node.lua.tour/modules/ubus/build/CMakeFiles/CMakeTmp

Run Build Command:/usr/bin/make "cmTryCompileExec1753231678/fast"
/usr/bin/make -f CMakeFiles/cmTryCompileExec1753231678.dir/build.make CMakeFiles/cmTryCompileExec1753231678.dir/build
make[1]: Entering directory `/mnt/c/work/node.lua.tour/modules/ubus/build/CMakeFiles/CMakeTmp'
/usr/bin/cmake -E cmake_progress_report /mnt/c/work/node.lua.tour/modules/ubus/build/CMakeFiles/CMakeTmp/CMakeFiles 1
Building C object CMakeFiles/cmTryCompileExec1753231678.dir/CheckIncludeFile.c.o
/usr/bin/cc  -D_GNU_SOURCE  -o CMakeFiles/cmTryCompileExec1753231678.dir/CheckIncludeFile.c.o   -c /mnt/c/work/node.lua.tour/modules/ubus/build/CMakeFiles/CMakeTmp/CheckIncludeFile.c
Linking C executable cmTryCompileExec1753231678
/usr/bin/cmake -E cmake_link_script CMakeFiles/cmTryCompileExec1753231678.dir/link.txt --verbose=1
/usr/bin/cc       CMakeFiles/cmTryCompileExec1753231678.dir/CheckIncludeFile.c.o  -o cmTryCompileExec1753231678 -rdynamic 
make[1]: Leaving directory `/mnt/c/work/node.lua.tour/modules/ubus/build/CMakeFiles/CMakeTmp'


Determining if the include file stdarg.h exists passed with the following output:
Change Dir: /mnt/c/work/node.lua.tour/modules/ubus/build/CMakeFiles/CMakeTmp

Run Build Command:/usr/bin/make "cmTryCompileExec173605309/fast"
/usr/bin/make -f CMakeFiles/cmTryCompileExec173605309.dir/build.make CMakeFiles/cmTryCompileExec173605309.dir/build
make[1]: Entering directory `/mnt/c/work/node.lua.tour/modules/ubus/build/CMakeFiles/CMakeTmp'
/usr/bin/cmake -E cmake_progress_report /mnt/c/work/node.lua.tour/modules/ubus/build/CMakeFiles/CMakeTmp/CMakeFiles 1
Building C object CMakeFiles/cmTryCompileExec173605309.dir/CheckIncludeFile.c.o
/usr/bin/cc  -D_GNU_SOURCE  -o CMakeFiles/cmTryCompileExec173605309.dir/CheckIncludeFile.c.o   -c /mnt/c/work/node.lua.tour/modules/ubus/build/CMakeFiles/CMakeTmp/CheckIncludeFile.c
Linking C executable cmTryCompileExec173605309
/usr/bin/cmake -E cmake_link_script CMakeFiles/cmTryCompileExec173605309.dir/link.txt --verbose=1
/usr/bin/cc       CMakeFiles/cmTryCompileExec173605309.dir/CheckIncludeFile.c.o  -o cmTryCompileExec173605309 -rdynamic 
make[1]: Leaving directory `/mnt/c/work/node.lua.tour/modules/ubus/build/CMakeFiles/CMakeTmp'


Determining if the include file strings.h exists passed with the following output:
Change Dir: /mnt/c/work/node.lua.tour/modules/ubus/build/CMakeFiles/CMakeTmp

Run Build Command:/usr/bin/make "cmTryCompileExec3186151288/fast"
/usr/bin/make -f CMakeFiles/cmTryCompileExec3186151288.dir/build.make CMakeFiles/cmTryCompileExec3186151288.dir/build
make[1]: Entering directory `/mnt/c/work/node.lua.tour/modules/ubus/build/CMakeFiles/CMakeTmp'
/usr/bin/cmake -E cmake_progress_report /mnt/c/work/node.lua.tour/modules/ubus/build/CMakeFiles/CMakeTmp/CMakeFiles 1
Building C object CMakeFiles/cmTryCompileExec3186151288.dir/CheckIncludeFile.c.o
/usr/bin/cc  -D_GNU_SOURCE  -o CMakeFiles/cmTryCompileExec3186151288.dir/CheckIncludeFile.c.o   -c /mnt/c/work/node.lua.tour/modules/ubus/build/CMakeFiles/CMakeTmp/CheckIncludeFile.c
Linking C executable cmTryCompileExec3186151288
/usr/bin/cmake -E cmake_link_script CMakeFiles/cmTryCompileExec3186151288.dir/link.txt --verbose=1
/usr/bin/cc       CMakeFiles/cmTryCompileExec3186151288.dir/CheckIncludeFile.c.o  -o cmTryCompileExec3186151288 -rdynamic 
make[1]: Leaving directory `/mnt/c/work/node.lua.tour/modules/ubus/build/CMakeFiles/CMakeTmp'


Determining if the include file string.h exists passed with the following output:
Change Dir: /mnt/c/work/node.lua.tour/modules/ubus/build/CMakeFiles/CMakeTmp

Run Build Command:/usr/bin/make "cmTryCompileExec3963580910/fast"
/usr/bin/make -f CMakeFiles/cmTryCompileExec3963580910.dir/build.make CMakeFiles/cmTryCompileExec3963580910.dir/build
make[1]: Entering directory `/mnt/c/work/node.lua.tour/modules/ubus/build/CMakeFiles/CMakeTmp'
/usr/bin/cmake -E cmake_progress_report /mnt/c/work/node.lua.tour/modules/ubus/build/CMakeFiles/CMakeTmp/CMakeFiles 1
Building C object CMakeFiles/cmTryCompileExec3963580910.dir/CheckIncludeFile.c.o
/usr/bin/cc  -D_GNU_SOURCE  -o CMakeFiles/cmTryCompileExec3963580910.dir/CheckIncludeFile.c.o   -c /mnt/c/work/node.lua.tour/modules/ubus/build/CMakeFiles/CMakeTmp/CheckIncludeFile.c
Linking C executable cmTryCompileExec3963580910
/usr/bin/cmake -E cmake_link_script CMakeFiles/cmTryCompileExec3963580910.dir/link.txt --verbose=1
/usr/bin/cc       CMakeFiles/cmTryCompileExec3963580910.dir/CheckIncludeFile.c.o  -o cmTryCompileExec3963580910 -rdynamic 
make[1]: Leaving directory `/mnt/c/work/node.lua.tour/modules/ubus/build/CMakeFiles/CMakeTmp'


Determining if the include file syslog.h exists passed with the following output:
Change Dir: /mnt/c/work/node.lua.tour/modules/ubus/build/CMakeFiles/CMakeTmp

Run Build Command:/usr/bin/make "cmTryCompileExec1828283783/fast"
/usr/bin/make -f CMakeFiles/cmTryCompileExec1828283783.dir/build.make CMakeFiles/cmTryCompileExec1828283783.dir/build
make[1]: Entering directory `/mnt/c/work/node.lua.tour/modules/ubus/build/CMakeFiles/CMakeTmp'
/usr/bin/cmake -E cmake_progress_report /mnt/c/work/node.lua.tour/modules/ubus/build/CMakeFiles/CMakeTmp/CMakeFiles 1
Building C object CMakeFiles/cmTryCompileExec1828283783.dir/CheckIncludeFile.c.o
/usr/bin/cc  -D_GNU_SOURCE  -o CMakeFiles/cmTryCompileExec1828283783.dir/CheckIncludeFile.c.o   -c /mnt/c/work/node.lua.tour/modules/ubus/build/CMakeFiles/CMakeTmp/CheckIncludeFile.c
Linking C executable cmTryCompileExec1828283783
/usr/bin/cmake -E cmake_link_script CMakeFiles/cmTryCompileExec1828283783.dir/link.txt --verbose=1
/usr/bin/cc       CMakeFiles/cmTryCompileExec1828283783.dir/CheckIncludeFile.c.o  -o cmTryCompileExec1828283783 -rdynamic 
make[1]: Leaving directory `/mnt/c/work/node.lua.tour/modules/ubus/build/CMakeFiles/CMakeTmp'


Determining if files stdlib.h;stdarg.h;string.h;float.h exist passed with the following output:
Change Dir: /mnt/c/work/node.lua.tour/modules/ubus/build/CMakeFiles/CMakeTmp

Run Build Command:/usr/bin/make "cmTryCompileExec1879884088/fast"
/usr/bin/make -f CMakeFiles/cmTryCompileExec1879884088.dir/build.make CMakeFiles/cmTryCompileExec1879884088.dir/build
make[1]: Entering directory `/mnt/c/work/node.lua.tour/modules/ubus/build/CMakeFiles/CMakeTmp'
/usr/bin/cmake -E cmake_progress_report /mnt/c/work/node.lua.tour/modules/ubus/build/CMakeFiles/CMakeTmp/CMakeFiles 1
Building C object CMakeFiles/cmTryCompileExec1879884088.dir/CheckIncludeFiles.c.o
/usr/bin/cc  -D_GNU_SOURCE  -o CMakeFiles/cmTryCompileExec1879884088.dir/CheckIncludeFiles.c.o   -c /mnt/c/work/node.lua.tour/modules/ubus/build/CMakeFiles/CMakeTmp/CheckIncludeFiles.c
Linking C executable cmTryCompileExec1879884088
/usr/bin/cmake -E cmake_link_script CMakeFiles/cmTryCompileExec1879884088.dir/link.txt --verbose=1
/usr/bin/cc       CMakeFiles/cmTryCompileExec1879884088.dir/CheckIncludeFiles.c.o  -o cmTryCompileExec1879884088 -rdynamic 
make[1]: Leaving directory `/mnt/c/work/node.lua.tour/modules/ubus/build/CMakeFiles/CMakeTmp'


Determining if the include file unistd.h exists passed with the following output:
Change Dir: /mnt/c/work/node.lua.tour/modules/ubus/build/CMakeFiles/CMakeTmp

Run Build Command:/usr/bin/make "cmTryCompileExec3676063266/fast"
/usr/bin/make -f CMakeFiles/cmTryCompileExec3676063266.dir/build.make CMakeFiles/cmTryCompileExec3676063266.dir/build
make[1]: Entering directory `/mnt/c/work/node.lua.tour/modules/ubus/build/CMakeFiles/CMakeTmp'
/usr/bin/cmake -E cmake_progress_report /mnt/c/work/node.lua.tour/modules/ubus/build/CMakeFiles/CMakeTmp/CMakeFiles 1
Building C object CMakeFiles/cmTryCompileExec3676063266.dir/CheckIncludeFile.c.o
/usr/bin/cc  -D_GNU_SOURCE  -o CMakeFiles/cmTryCompileExec3676063266.dir/CheckIncludeFile.c.o   -c /mnt/c/work/node.lua.tour/modules/ubus/build/CMakeFiles/CMakeTmp/CheckIncludeFile.c
Linking C executable cmTryCompileExec3676063266
/usr/bin/cmake -E cmake_link_script CMakeFiles/cmTryCompileExec3676063266.dir/link.txt --verbose=1
/usr/bin/cc       CMakeFiles/cmTryCompileExec3676063266.dir/CheckIncludeFile.c.o  -o cmTryCompileExec3676063266 -rdynamic 
make[1]: Leaving directory `/mnt/c/work/node.lua.tour/modules/ubus/build/CMakeFiles/CMakeTmp'


Determining if the include file sys/types.h exists passed with the following output:
Change Dir: /mnt/c/work/node.lua.tour/modules/ubus/build/CMakeFiles/CMakeTmp

Run Build Command:/usr/bin/make "cmTryCompileExec708047284/fast"
/usr/bin/make -f CMakeFiles/cmTryCompileExec708047284.dir/build.make CMakeFiles/cmTryCompileExec708047284.dir/build
make[1]: Entering directory `/mnt/c/work/node.lua.tour/modules/ubus/build/CMakeFiles/CMakeTmp'
/usr/bin/cmake -E cmake_progress_report /mnt/c/work/node.lua.tour/modules/ubus/build/CMakeFiles/CMakeTmp/CMakeFiles 1
Building C object CMakeFiles/cmTryCompileExec708047284.dir/CheckIncludeFile.c.o
/usr/bin/cc  -D_GNU_SOURCE  -o CMakeFiles/cmTryCompileExec708047284.dir/CheckIncludeFile.c.o   -c /mnt/c/work/node.lua.tour/modules/ubus/build/CMakeFiles/CMakeTmp/CheckIncludeFile.c
Linking C executable cmTryCompileExec708047284
/usr/bin/cmake -E cmake_link_script CMakeFiles/cmTryCompileExec708047284.dir/link.txt --verbose=1
/usr/bin/cc       CMakeFiles/cmTryCompileExec708047284.dir/CheckIncludeFile.c.o  -o cmTryCompileExec708047284 -rdynamic 
make[1]: Leaving directory `/mnt/c/work/node.lua.tour/modules/ubus/build/CMakeFiles/CMakeTmp'


Determining if the include file dlfcn.h exists passed with the following output:
Change Dir: /mnt/c/work/node.lua.tour/modules/ubus/build/CMakeFiles/CMakeTmp

Run Build Command:/usr/bin/make "cmTryCompileExec1229196246/fast"
/usr/bin/make -f CMakeFiles/cmTryCompileExec1229196246.dir/build.make CMakeFiles/cmTryCompileExec1229196246.dir/build
make[1]: Entering directory `/mnt/c/work/node.lua.tour/modules/ubus/build/CMakeFiles/CMakeTmp'
/usr/bin/cmake -E cmake_progress_report /mnt/c/work/node.lua.tour/modules/ubus/build/CMakeFiles/CMakeTmp/CMakeFiles 1
Building C object CMakeFiles/cmTryCompileExec1229196246.dir/CheckIncludeFile.c.o
/usr/bin/cc  -D_GNU_SOURCE  -o CMakeFiles/cmTryCompileExec1229196246.dir/CheckIncludeFile.c.o   -c /mnt/c/work/node.lua.tour/modules/ubus/build/CMakeFiles/CMakeTmp/CheckIncludeFile.c
Linking C executable cmTryCompileExec1229196246
/usr/bin/cmake -E cmake_link_script CMakeFiles/cmTryCompileExec1229196246.dir/link.txt --verbose=1
/usr/bin/cc       CMakeFiles/cmTryCompileExec1229196246.dir/CheckIncludeFile.c.o  -o cmTryCompileExec1229196246 -rdynamic 
make[1]: Leaving directory `/mnt/c/work/node.lua.tour/modules/ubus/build/CMakeFiles/CMakeTmp'


Determining if the include file endian.h exists passed with the following output:
Change Dir: /mnt/c/work/node.lua.tour/modules/ubus/build/CMakeFiles/CMakeTmp

Run Build Command:/usr/bin/make "cmTryCompileExec2320864892/fast"
/usr/bin/make -f CMakeFiles/cmTryCompileExec2320864892.dir/build.make CMakeFiles/cmTryCompileExec2320864892.dir/build
make[1]: Entering directory `/mnt/c/work/node.lua.tour/modules/ubus/build/CMakeFiles/CMakeTmp'
/usr/bin/cmake -E cmake_progress_report /mnt/c/work/node.lua.tour/modules/ubus/build/CMakeFiles/CMakeTmp/CMakeFiles 1
Building C object CMakeFiles/cmTryCompileExec2320864892.dir/CheckIncludeFile.c.o
/usr/bin/cc  -D_GNU_SOURCE  -o CMakeFiles/cmTryCompileExec2320864892.dir/CheckIncludeFile.c.o   -c /mnt/c/work/node.lua.tour/modules/ubus/build/CMakeFiles/CMakeTmp/CheckIncludeFile.c
Linking C executable cmTryCompileExec2320864892
/usr/bin/cmake -E cmake_link_script CMakeFiles/cmTryCompileExec2320864892.dir/link.txt --verbose=1
/usr/bin/cc       CMakeFiles/cmTryCompileExec2320864892.dir/CheckIncludeFile.c.o  -o cmTryCompileExec2320864892 -rdynamic 
make[1]: Leaving directory `/mnt/c/work/node.lua.tour/modules/ubus/build/CMakeFiles/CMakeTmp'


Determining if the include file limits.h exists passed with the following output:
Change Dir: /mnt/c/work/node.lua.tour/modules/ubus/build/CMakeFiles/CMakeTmp

Run Build Command:/usr/bin/make "cmTryCompileExec3905379437/fast"
/usr/bin/make -f CMakeFiles/cmTryCompileExec3905379437.dir/build.make CMakeFiles/cmTryCompileExec3905379437.dir/build
make[1]: Entering directory `/mnt/c/work/node.lua.tour/modules/ubus/build/CMakeFiles/CMakeTmp'
/usr/bin/cmake -E cmake_progress_report /mnt/c/work/node.lua.tour/modules/ubus/build/CMakeFiles/CMakeTmp/CMakeFiles 1
Building C object CMakeFiles/cmTryCompileExec3905379437.dir/CheckIncludeFile.c.o
/usr/bin/cc  -D_GNU_SOURCE  -o CMakeFiles/cmTryCompileExec3905379437.dir/CheckIncludeFile.c.o   -c /mnt/c/work/node.lua.tour/modules/ubus/build/CMakeFiles/CMakeTmp/CheckIncludeFile.c
Linking C executable cmTryCompileExec3905379437
/usr/bin/cmake -E cmake_link_script CMakeFiles/cmTryCompileExec3905379437.dir/link.txt --verbose=1
/usr/bin/cc       CMakeFiles/cmTryCompileExec3905379437.dir/CheckIncludeFile.c.o  -o cmTryCompileExec3905379437 -rdynamic 
make[1]: Leaving directory `/mnt/c/work/node.lua.tour/modules/ubus/build/CMakeFiles/CMakeTmp'


Determining if the include file locale.h exists passed with the following output:
Change Dir: /mnt/c/work/node.lua.tour/modules/ubus/build/CMakeFiles/CMakeTmp

Run Build Command:/usr/bin/make "cmTryCompileExec1840417106/fast"
/usr/bin/make -f CMakeFiles/cmTryCompileExec1840417106.dir/build.make CMakeFiles/cmTryCompileExec1840417106.dir/build
make[1]: Entering directory `/mnt/c/work/node.lua.tour/modules/ubus/build/CMakeFiles/CMakeTmp'
/usr/bin/cmake -E cmake_progress_report /mnt/c/work/node.lua.tour/modules/ubus/build/CMakeFiles/CMakeTmp/CMakeFiles 1
Building C object CMakeFiles/cmTryCompileExec1840417106.dir/CheckIncludeFile.c.o
/usr/bin/cc  -D_GNU_SOURCE  -o CMakeFiles/cmTryCompileExec1840417106.dir/CheckIncludeFile.c.o   -c /mnt/c/work/node.lua.tour/modules/ubus/build/CMakeFiles/CMakeTmp/CheckIncludeFile.c
Linking C executable cmTryCompileExec1840417106
/usr/bin/cmake -E cmake_link_script CMakeFiles/cmTryCompileExec1840417106.dir/link.txt --verbose=1
/usr/bin/cc       CMakeFiles/cmTryCompileExec1840417106.dir/CheckIncludeFile.c.o  -o cmTryCompileExec1840417106 -rdynamic 
make[1]: Leaving directory `/mnt/c/work/node.lua.tour/modules/ubus/build/CMakeFiles/CMakeTmp'


Determining if the include file memory.h exists passed with the following output:
Change Dir: /mnt/c/work/node.lua.tour/modules/ubus/build/CMakeFiles/CMakeTmp

Run Build Command:/usr/bin/make "cmTryCompileExec835385511/fast"
/usr/bin/make -f CMakeFiles/cmTryCompileExec835385511.dir/build.make CMakeFiles/cmTryCompileExec835385511.dir/build
make[1]: Entering directory `/mnt/c/work/node.lua.tour/modules/ubus/build/CMakeFiles/CMakeTmp'
/usr/bin/cmake -E cmake_progress_report /mnt/c/work/node.lua.tour/modules/ubus/build/CMakeFiles/CMakeTmp/CMakeFiles 1
Building C object CMakeFiles/cmTryCompileExec835385511.dir/CheckIncludeFile.c.o
/usr/bin/cc  -D_GNU_SOURCE  -o CMakeFiles/cmTryCompileExec835385511.dir/CheckIncludeFile.c.o   -c /mnt/c/work/node.lua.tour/modules/ubus/build/CMakeFiles/CMakeTmp/CheckIncludeFile.c
Linking C executable cmTryCompileExec835385511
/usr/bin/cmake -E cmake_link_script CMakeFiles/cmTryCompileExec835385511.dir/link.txt --verbose=1
/usr/bin/cc       CMakeFiles/cmTryCompileExec835385511.dir/CheckIncludeFile.c.o  -o cmTryCompileExec835385511 -rdynamic 
make[1]: Leaving directory `/mnt/c/work/node.lua.tour/modules/ubus/build/CMakeFiles/CMakeTmp'


Determining if the include file stdint.h exists passed with the following output:
Change Dir: /mnt/c/work/node.lua.tour/modules/ubus/build/CMakeFiles/CMakeTmp

Run Build Command:/usr/bin/make "cmTryCompileExec2533658148/fast"
/usr/bin/make -f CMakeFiles/cmTryCompileExec2533658148.dir/build.make CMakeFiles/cmTryCompileExec2533658148.dir/build
make[1]: Entering directory `/mnt/c/work/node.lua.tour/modules/ubus/build/CMakeFiles/CMakeTmp'
/usr/bin/cmake -E cmake_progress_report /mnt/c/work/node.lua.tour/modules/ubus/build/CMakeFiles/CMakeTmp/CMakeFiles 1
Building C object CMakeFiles/cmTryCompileExec2533658148.dir/CheckIncludeFile.c.o
/usr/bin/cc  -D_GNU_SOURCE  -o CMakeFiles/cmTryCompileExec2533658148.dir/CheckIncludeFile.c.o   -c /mnt/c/work/node.lua.tour/modules/ubus/build/CMakeFiles/CMakeTmp/CheckIncludeFile.c
Linking C executable cmTryCompileExec2533658148
/usr/bin/cmake -E cmake_link_script CMakeFiles/cmTryCompileExec2533658148.dir/link.txt --verbose=1
/usr/bin/cc       CMakeFiles/cmTryCompileExec2533658148.dir/CheckIncludeFile.c.o  -o cmTryCompileExec2533658148 -rdynamic 
make[1]: Leaving directory `/mnt/c/work/node.lua.tour/modules/ubus/build/CMakeFiles/CMakeTmp'


Determining if the include file stdlib.h exists passed with the following output:
Change Dir: /mnt/c/work/node.lua.tour/modules/ubus/build/CMakeFiles/CMakeTmp

Run Build Command:/usr/bin/make "cmTryCompileExec3622088308/fast"
/usr/bin/make -f CMakeFiles/cmTryCompileExec3622088308.dir/build.make CMakeFiles/cmTryCompileExec3622088308.dir/build
make[1]: Entering directory `/mnt/c/work/node.lua.tour/modules/ubus/build/CMakeFiles/CMakeTmp'
/usr/bin/cmake -E cmake_progress_report /mnt/c/work/node.lua.tour/modules/ubus/build/CMakeFiles/CMakeTmp/CMakeFiles 1
Building C object CMakeFiles/cmTryCompileExec3622088308.dir/CheckIncludeFile.c.o
/usr/bin/cc  -D_GNU_SOURCE  -o CMakeFiles/cmTryCompileExec3622088308.dir/CheckIncludeFile.c.o   -c /mnt/c/work/node.lua.tour/modules/ubus/build/CMakeFiles/CMakeTmp/CheckIncludeFile.c
Linking C executable cmTryCompileExec3622088308
/usr/bin/cmake -E cmake_link_script CMakeFiles/cmTryCompileExec3622088308.dir/link.txt --verbose=1
/usr/bin/cc       CMakeFiles/cmTryCompileExec3622088308.dir/CheckIncludeFile.c.o  -o cmTryCompileExec3622088308 -rdynamic 
make[1]: Leaving directory `/mnt/c/work/node.lua.tour/modules/ubus/build/CMakeFiles/CMakeTmp'


Determining if the include file sys/cdefs.h exists passed with the following output:
Change Dir: /mnt/c/work/node.lua.tour/modules/ubus/build/CMakeFiles/CMakeTmp

Run Build Command:/usr/bin/make "cmTryCompileExec3142673069/fast"
/usr/bin/make -f CMakeFiles/cmTryCompileExec3142673069.dir/build.make CMakeFiles/cmTryCompileExec3142673069.dir/build
make[1]: Entering directory `/mnt/c/work/node.lua.tour/modules/ubus/build/CMakeFiles/CMakeTmp'
/usr/bin/cmake -E cmake_progress_report /mnt/c/work/node.lua.tour/modules/ubus/build/CMakeFiles/CMakeTmp/CMakeFiles 1
Building C object CMakeFiles/cmTryCompileExec3142673069.dir/CheckIncludeFile.c.o
/usr/bin/cc  -D_GNU_SOURCE  -o CMakeFiles/cmTryCompileExec3142673069.dir/CheckIncludeFile.c.o   -c /mnt/c/work/node.lua.tour/modules/ubus/build/CMakeFiles/CMakeTmp/CheckIncludeFile.c
Linking C executable cmTryCompileExec3142673069
/usr/bin/cmake -E cmake_link_script CMakeFiles/cmTryCompileExec3142673069.dir/link.txt --verbose=1
/usr/bin/cc       CMakeFiles/cmTryCompileExec3142673069.dir/CheckIncludeFile.c.o  -o cmTryCompileExec3142673069 -rdynamic 
make[1]: Leaving directory `/mnt/c/work/node.lua.tour/modules/ubus/build/CMakeFiles/CMakeTmp'


Determining if the include file sys/param.h exists passed with the following output:
Change Dir: /mnt/c/work/node.lua.tour/modules/ubus/build/CMakeFiles/CMakeTmp

Run Build Command:/usr/bin/make "cmTryCompileExec3111206717/fast"
/usr/bin/make -f CMakeFiles/cmTryCompileExec3111206717.dir/build.make CMakeFiles/cmTryCompileExec3111206717.dir/build
make[1]: Entering directory `/mnt/c/work/node.lua.tour/modules/ubus/build/CMakeFiles/CMakeTmp'
/usr/bin/cmake -E cmake_progress_report /mnt/c/work/node.lua.tour/modules/ubus/build/CMakeFiles/CMakeTmp/CMakeFiles 1
Building C object CMakeFiles/cmTryCompileExec3111206717.dir/CheckIncludeFile.c.o
/usr/bin/cc  -D_GNU_SOURCE  -o CMakeFiles/cmTryCompileExec3111206717.dir/CheckIncludeFile.c.o   -c /mnt/c/work/node.lua.tour/modules/ubus/build/CMakeFiles/CMakeTmp/CheckIncludeFile.c
Linking C executable cmTryCompileExec3111206717
/usr/bin/cmake -E cmake_link_script CMakeFiles/cmTryCompileExec3111206717.dir/link.txt --verbose=1
/usr/bin/cc       CMakeFiles/cmTryCompileExec3111206717.dir/CheckIncludeFile.c.o  -o cmTryCompileExec3111206717 -rdynamic 
make[1]: Leaving directory `/mnt/c/work/node.lua.tour/modules/ubus/build/CMakeFiles/CMakeTmp'


Determining if the include file sys/stat.h exists passed with the following output:
Change Dir: /mnt/c/work/node.lua.tour/modules/ubus/build/CMakeFiles/CMakeTmp

Run Build Command:/usr/bin/make "cmTryCompileExec3387066582/fast"
/usr/bin/make -f CMakeFiles/cmTryCompileExec3387066582.dir/build.make CMakeFiles/cmTryCompileExec3387066582.dir/build
make[1]: Entering directory `/mnt/c/work/node.lua.tour/modules/ubus/build/CMakeFiles/CMakeTmp'
/usr/bin/cmake -E cmake_progress_report /mnt/c/work/node.lua.tour/modules/ubus/build/CMakeFiles/CMakeTmp/CMakeFiles 1
Building C object CMakeFiles/cmTryCompileExec3387066582.dir/CheckIncludeFile.c.o
/usr/bin/cc  -D_GNU_SOURCE  -o CMakeFiles/cmTryCompileExec3387066582.dir/CheckIncludeFile.c.o   -c /mnt/c/work/node.lua.tour/modules/ubus/build/CMakeFiles/CMakeTmp/CheckIncludeFile.c
Linking C executable cmTryCompileExec3387066582
/usr/bin/cmake -E cmake_link_script CMakeFiles/cmTryCompileExec3387066582.dir/link.txt --verbose=1
/usr/bin/cc       CMakeFiles/cmTryCompileExec3387066582.dir/CheckIncludeFile.c.o  -o cmTryCompileExec3387066582 -rdynamic 
make[1]: Leaving directory `/mnt/c/work/node.lua.tour/modules/ubus/build/CMakeFiles/CMakeTmp'


Determining if the include file xlocale.h exists passed with the following output:
Change Dir: /mnt/c/work/node.lua.tour/modules/ubus/build/CMakeFiles/CMakeTmp

Run Build Command:/usr/bin/make "cmTryCompileExec3438498662/fast"
/usr/bin/make -f CMakeFiles/cmTryCompileExec3438498662.dir/build.make CMakeFiles/cmTryCompileExec3438498662.dir/build
make[1]: Entering directory `/mnt/c/work/node.lua.tour/modules/ubus/build/CMakeFiles/CMakeTmp'
/usr/bin/cmake -E cmake_progress_report /mnt/c/work/node.lua.tour/modules/ubus/build/CMakeFiles/CMakeTmp/CMakeFiles 1
Building C object CMakeFiles/cmTryCompileExec3438498662.dir/CheckIncludeFile.c.o
/usr/bin/cc  -D_GNU_SOURCE  -o CMakeFiles/cmTryCompileExec3438498662.dir/CheckIncludeFile.c.o   -c /mnt/c/work/node.lua.tour/modules/ubus/build/CMakeFiles/CMakeTmp/CheckIncludeFile.c
Linking C executable cmTryCompileExec3438498662
/usr/bin/cmake -E cmake_link_script CMakeFiles/cmTryCompileExec3438498662.dir/link.txt --verbose=1
/usr/bin/cc       CMakeFiles/cmTryCompileExec3438498662.dir/CheckIncludeFile.c.o  -o cmTryCompileExec3438498662 -rdynamic 
make[1]: Leaving directory `/mnt/c/work/node.lua.tour/modules/ubus/build/CMakeFiles/CMakeTmp'


Determining if the INFINITY exist passed with the following output:
Change Dir: /mnt/c/work/node.lua.tour/modules/ubus/build/CMakeFiles/CMakeTmp

Run Build Command:/usr/bin/make "cmTryCompileExec971888559/fast"
/usr/bin/make -f CMakeFiles/cmTryCompileExec971888559.dir/build.make CMakeFiles/cmTryCompileExec971888559.dir/build
make[1]: Entering directory `/mnt/c/work/node.lua.tour/modules/ubus/build/CMakeFiles/CMakeTmp'
/usr/bin/cmake -E cmake_progress_report /mnt/c/work/node.lua.tour/modules/ubus/build/CMakeFiles/CMakeTmp/CMakeFiles 1
Building C object CMakeFiles/cmTryCompileExec971888559.dir/CheckSymbolExists.c.o
/usr/bin/cc  -D_GNU_SOURCE  -o CMakeFiles/cmTryCompileExec971888559.dir/CheckSymbolExists.c.o   -c /mnt/c/work/node.lua.tour/modules/ubus/build/CMakeFiles/CMakeTmp/CheckSymbolExists.c
Linking C executable cmTryCompileExec971888559
/usr/bin/cmake -E cmake_link_script CMakeFiles/cmTryCompileExec971888559.dir/link.txt --verbose=1
/usr/bin/cc       CMakeFiles/cmTryCompileExec971888559.dir/CheckSymbolExists.c.o  -o cmTryCompileExec971888559 -rdynamic -lm 
make[1]: Leaving directory `/mnt/c/work/node.lua.tour/modules/ubus/build/CMakeFiles/CMakeTmp'

File /mnt/c/work/node.lua.tour/modules/ubus/build/CMakeFiles/CMakeTmp/CheckSymbolExists.c:
/* */
#include <math.h>

int main(int argc, char** argv)
{
  (void)argv;
#ifndef INFINITY
  return ((int*)(&INFINITY))[argc];
#else
  (void)argc;
  return 0;
#endif
}

Determining if the isinf exist passed with the following output:
Change Dir: /mnt/c/work/node.lua.tour/modules/ubus/build/CMakeFiles/CMakeTmp

Run Build Command:/usr/bin/make "cmTryCompileExec449508006/fast"
/usr/bin/make -f CMakeFiles/cmTryCompileExec449508006.dir/build.make CMakeFiles/cmTryCompileExec449508006.dir/build
make[1]: Entering directory `/mnt/c/work/node.lua.tour/modules/ubus/build/CMakeFiles/CMakeTmp'
/usr/bin/cmake -E cmake_progress_report /mnt/c/work/node.lua.tour/modules/ubus/build/CMakeFiles/CMakeTmp/CMakeFiles 1
Building C object CMakeFiles/cmTryCompileExec449508006.dir/CheckSymbolExists.c.o
/usr/bin/cc  -D_GNU_SOURCE  -o CMakeFiles/cmTryCompileExec449508006.dir/CheckSymbolExists.c.o   -c /mnt/c/work/node.lua.tour/modules/ubus/build/CMakeFiles/CMakeTmp/CheckSymbolExists.c
Linking C executable cmTryCompileExec449508006
/usr/bin/cmake -E cmake_link_script CMakeFiles/cmTryCompileExec449508006.dir/link.txt --verbose=1
/usr/bin/cc       CMakeFiles/cmTryCompileExec449508006.dir/CheckSymbolExists.c.o  -o cmTryCompileExec449508006 -rdynamic -lm 
make[1]: Leaving directory `/mnt/c/work/node.lua.tour/modules/ubus/build/CMakeFiles/CMakeTmp'

File /mnt/c/work/node.lua.tour/modules/ubus/build/CMakeFiles/CMakeTmp/CheckSymbolExists.c:
/* */
#include <math.h>

int main(int argc, char** argv)
{
  (void)argv;
#ifndef isinf
  return ((int*)(&isinf))[argc];
#else
  (void)argc;
  return 0;
#endif
}

Determining if the isnan exist passed with the following output:
Change Dir: /mnt/c/work/node.lua.tour/modules/ubus/build/CMakeFiles/CMakeTmp

Run Build Command:/usr/bin/make "cmTryCompileExec2501706987/fast"
/usr/bin/make -f CMakeFiles/cmTryCompileExec2501706987.dir/build.make CMakeFiles/cmTryCompileExec2501706987.dir/build
make[1]: Entering directory `/mnt/c/work/node.lua.tour/modules/ubus/build/CMakeFiles/CMakeTmp'
/usr/bin/cmake -E cmake_progress_report /mnt/c/work/node.lua.tour/modules/ubus/build/CMakeFiles/CMakeTmp/CMakeFiles 1
Building C object CMakeFiles/cmTryCompileExec2501706987.dir/CheckSymbolExists.c.o
/usr/bin/cc  -D_GNU_SOURCE  -o CMakeFiles/cmTryCompileExec2501706987.dir/CheckSymbolExists.c.o   -c /mnt/c/work/node.lua.tour/modules/ubus/build/CMakeFiles/CMakeTmp/CheckSymbolExists.c
Linking C executable cmTryCompileExec2501706987
/usr/bin/cmake -E cmake_link_script CMakeFiles/cmTryCompileExec2501706987.dir/link.txt --verbose=1
/usr/bin/cc       CMakeFiles/cmTryCompileExec2501706987.dir/CheckSymbolExists.c.o  -o cmTryCompileExec2501706987 -rdynamic -lm 
make[1]: Leaving directory `/mnt/c/work/node.lua.tour/modules/ubus/build/CMakeFiles/CMakeTmp'

File /mnt/c/work/node.lua.tour/modules/ubus/build/CMakeFiles/CMakeTmp/CheckSymbolExists.c:
/* */
#include <math.h>

int main(int argc, char** argv)
{
  (void)argv;
#ifndef isnan
  return ((int*)(&isnan))[argc];
#else
  (void)argc;
  return 0;
#endif
}

Determining if the nan exist passed with the following output:
Change Dir: /mnt/c/work/node.lua.tour/modules/ubus/build/CMakeFiles/CMakeTmp

Run Build Command:/usr/bin/make "cmTryCompileExec2012979688/fast"
/usr/bin/make -f CMakeFiles/cmTryCompileExec2012979688.dir/build.make CMakeFiles/cmTryCompileExec2012979688.dir/build
make[1]: Entering directory `/mnt/c/work/node.lua.tour/modules/ubus/build/CMakeFiles/CMakeTmp'
/usr/bin/cmake -E cmake_progress_report /mnt/c/work/node.lua.tour/modules/ubus/build/CMakeFiles/CMakeTmp/CMakeFiles 1
Building C object CMakeFiles/cmTryCompileExec2012979688.dir/CheckSymbolExists.c.o
/usr/bin/cc  -D_GNU_SOURCE  -o CMakeFiles/cmTryCompileExec2012979688.dir/CheckSymbolExists.c.o   -c /mnt/c/work/node.lua.tour/modules/ubus/build/CMakeFiles/CMakeTmp/CheckSymbolExists.c
Linking C executable cmTryCompileExec2012979688
/usr/bin/cmake -E cmake_link_script CMakeFiles/cmTryCompileExec2012979688.dir/link.txt --verbose=1
/usr/bin/cc       CMakeFiles/cmTryCompileExec2012979688.dir/CheckSymbolExists.c.o  -o cmTryCompileExec2012979688 -rdynamic -lm 
make[1]: Leaving directory `/mnt/c/work/node.lua.tour/modules/ubus/build/CMakeFiles/CMakeTmp'

File /mnt/c/work/node.lua.tour/modules/ubus/build/CMakeFiles/CMakeTmp/CheckSymbolExists.c:
/* */
#include <math.h>

int main(int argc, char** argv)
{
  (void)argv;
#ifndef nan
  return ((int*)(&nan))[argc];
#else
  (void)argc;
  return 0;
#endif
}

Determining if the snprintf exist passed with the following output:
Change Dir: /mnt/c/work/node.lua.tour/modules/ubus/build/CMakeFiles/CMakeTmp

Run Build Command:/usr/bin/make "cmTryCompileExec2522523251/fast"
/usr/bin/make -f CMakeFiles/cmTryCompileExec2522523251.dir/build.make CMakeFiles/cmTryCompileExec2522523251.dir/build
make[1]: Entering directory `/mnt/c/work/node.lua.tour/modules/ubus/build/CMakeFiles/CMakeTmp'
/usr/bin/cmake -E cmake_progress_report /mnt/c/work/node.lua.tour/modules/ubus/build/CMakeFiles/CMakeTmp/CMakeFiles 1
Building C object CMakeFiles/cmTryCompileExec2522523251.dir/CheckSymbolExists.c.o
/usr/bin/cc  -D_GNU_SOURCE  -o CMakeFiles/cmTryCompileExec2522523251.dir/CheckSymbolExists.c.o   -c /mnt/c/work/node.lua.tour/modules/ubus/build/CMakeFiles/CMakeTmp/CheckSymbolExists.c
Linking C executable cmTryCompileExec2522523251
/usr/bin/cmake -E cmake_link_script CMakeFiles/cmTryCompileExec2522523251.dir/link.txt --verbose=1
/usr/bin/cc       CMakeFiles/cmTryCompileExec2522523251.dir/CheckSymbolExists.c.o  -o cmTryCompileExec2522523251 -rdynamic -lm 
make[1]: Leaving directory `/mnt/c/work/node.lua.tour/modules/ubus/build/CMakeFiles/CMakeTmp'

File /mnt/c/work/node.lua.tour/modules/ubus/build/CMakeFiles/CMakeTmp/CheckSymbolExists.c:
/* */
#include <stdio.h>

int main(int argc, char** argv)
{
  (void)argv;
#ifndef snprintf
  return ((int*)(&snprintf))[argc];
#else
  (void)argc;
  return 0;
#endif
}

Determining if the vasprintf exist passed with the following output:
Change Dir: /mnt/c/work/node.lua.tour/modules/ubus/build/CMakeFiles/CMakeTmp

Run Build Command:/usr/bin/make "cmTryCompileExec253385643/fast"
/usr/bin/make -f CMakeFiles/cmTryCompileExec253385643.dir/build.make CMakeFiles/cmTryCompileExec253385643.dir/build
make[1]: Entering directory `/mnt/c/work/node.lua.tour/modules/ubus/build/CMakeFiles/CMakeTmp'
/usr/bin/cmake -E cmake_progress_report /mnt/c/work/node.lua.tour/modules/ubus/build/CMakeFiles/CMakeTmp/CMakeFiles 1
Building C object CMakeFiles/cmTryCompileExec253385643.dir/CheckSymbolExists.c.o
/usr/bin/cc  -D_GNU_SOURCE  -o CMakeFiles/cmTryCompileExec253385643.dir/CheckSymbolExists.c.o   -c /mnt/c/work/node.lua.tour/modules/ubus/build/CMakeFiles/CMakeTmp/CheckSymbolExists.c
Linking C executable cmTryCompileExec253385643
/usr/bin/cmake -E cmake_link_script CMakeFiles/cmTryCompileExec253385643.dir/link.txt --verbose=1
/usr/bin/cc       CMakeFiles/cmTryCompileExec253385643.dir/CheckSymbolExists.c.o  -o cmTryCompileExec253385643 -rdynamic -lm 
make[1]: Leaving directory `/mnt/c/work/node.lua.tour/modules/ubus/build/CMakeFiles/CMakeTmp'

File /mnt/c/work/node.lua.tour/modules/ubus/build/CMakeFiles/CMakeTmp/CheckSymbolExists.c:
/* */
#include <stdio.h>

int main(int argc, char** argv)
{
  (void)argv;
#ifndef vasprintf
  return ((int*)(&vasprintf))[argc];
#else
  (void)argc;
  return 0;
#endif
}

Determining if the vsnprintf exist passed with the following output:
Change Dir: /mnt/c/work/node.lua.tour/modules/ubus/build/CMakeFiles/CMakeTmp

Run Build Command:/usr/bin/make "cmTryCompileExec998459500/fast"
/usr/bin/make -f CMakeFiles/cmTryCompileExec998459500.dir/build.make CMakeFiles/cmTryCompileExec998459500.dir/build
make[1]: Entering directory `/mnt/c/work/node.lua.tour/modules/ubus/build/CMakeFiles/CMakeTmp'
/usr/bin/cmake -E cmake_progress_report /mnt/c/work/node.lua.tour/modules/ubus/build/CMakeFiles/CMakeTmp/CMakeFiles 1
Building C object CMakeFiles/cmTryCompileExec998459500.dir/CheckSymbolExists.c.o
/usr/bin/cc  -D_GNU_SOURCE  -o CMakeFiles/cmTryCompileExec998459500.dir/CheckSymbolExists.c.o   -c /mnt/c/work/node.lua.tour/modules/ubus/build/CMakeFiles/CMakeTmp/CheckSymbolExists.c
Linking C executable cmTryCompileExec998459500
/usr/bin/cmake -E cmake_link_script CMakeFiles/cmTryCompileExec998459500.dir/link.txt --verbose=1
/usr/bin/cc       CMakeFiles/cmTryCompileExec998459500.dir/CheckSymbolExists.c.o  -o cmTryCompileExec998459500 -rdynamic -lm 
make[1]: Leaving directory `/mnt/c/work/node.lua.tour/modules/ubus/build/CMakeFiles/CMakeTmp'

File /mnt/c/work/node.lua.tour/modules/ubus/build/CMakeFiles/CMakeTmp/CheckSymbolExists.c:
/* */
#include <stdio.h>

int main(int argc, char** argv)
{
  (void)argv;
#ifndef vsnprintf
  return ((int*)(&vsnprintf))[argc];
#else
  (void)argc;
  return 0;
#endif
}

Determining if the vprintf exist passed with the following output:
Change Dir: /mnt/c/work/node.lua.tour/modules/ubus/build/CMakeFiles/CMakeTmp

Run Build Command:/usr/bin/make "cmTryCompileExec1302109671/fast"
/usr/bin/make -f CMakeFiles/cmTryCompileExec1302109671.dir/build.make CMakeFiles/cmTryCompileExec1302109671.dir/build
make[1]: Entering directory `/mnt/c/work/node.lua.tour/modules/ubus/build/CMakeFiles/CMakeTmp'
/usr/bin/cmake -E cmake_progress_report /mnt/c/work/node.lua.tour/modules/ubus/build/CMakeFiles/CMakeTmp/CMakeFiles 1
Building C object CMakeFiles/cmTryCompileExec1302109671.dir/CheckSymbolExists.c.o
/usr/bin/cc  -D_GNU_SOURCE  -o CMakeFiles/cmTryCompileExec1302109671.dir/CheckSymbolExists.c.o   -c /mnt/c/work/node.lua.tour/modules/ubus/build/CMakeFiles/CMakeTmp/CheckSymbolExists.c
Linking C executable cmTryCompileExec1302109671
/usr/bin/cmake -E cmake_link_script CMakeFiles/cmTryCompileExec1302109671.dir/link.txt --verbose=1
/usr/bin/cc       CMakeFiles/cmTryCompileExec1302109671.dir/CheckSymbolExists.c.o  -o cmTryCompileExec1302109671 -rdynamic -lm 
make[1]: Leaving directory `/mnt/c/work/node.lua.tour/modules/ubus/build/CMakeFiles/CMakeTmp'

File /mnt/c/work/node.lua.tour/modules/ubus/build/CMakeFiles/CMakeTmp/CheckSymbolExists.c:
/* */
#include <stdio.h>

int main(int argc, char** argv)
{
  (void)argv;
#ifndef vprintf
  return ((int*)(&vprintf))[argc];
#else
  (void)argc;
  return 0;
#endif
}

Determining if the open exist passed with the following output:
Change Dir: /mnt/c/work/node.lua.tour/modules/ubus/build/CMakeFiles/CMakeTmp

Run Build Command:/usr/bin/make "cmTryCompileExec1604085677/fast"
/usr/bin/make -f CMakeFiles/cmTryCompileExec1604085677.dir/build.make CMakeFiles/cmTryCompileExec1604085677.dir/build
make[1]: Entering directory `/mnt/c/work/node.lua.tour/modules/ubus/build/CMakeFiles/CMakeTmp'
/usr/bin/cmake -E cmake_progress_report /mnt/c/work/node.lua.tour/modules/ubus/build/CMakeFiles/CMakeTmp/CMakeFiles 1
Building C object CMakeFiles/cmTryCompileExec1604085677.dir/CheckSymbolExists.c.o
/usr/bin/cc  -D_GNU_SOURCE  -o CMakeFiles/cmTryCompileExec1604085677.dir/CheckSymbolExists.c.o   -c /mnt/c/work/node.lua.tour/modules/ubus/build/CMakeFiles/CMakeTmp/CheckSymbolExists.c
Linking C executable cmTryCompileExec1604085677
/usr/bin/cmake -E cmake_link_script CMakeFiles/cmTryCompileExec1604085677.dir/link.txt --verbose=1
/usr/bin/cc       CMakeFiles/cmTryCompileExec1604085677.dir/CheckSymbolExists.c.o  -o cmTryCompileExec1604085677 -rdynamic -lm 
make[1]: Leaving directory `/mnt/c/work/node.lua.tour/modules/ubus/build/CMakeFiles/CMakeTmp'

File /mnt/c/work/node.lua.tour/modules/ubus/build/CMakeFiles/CMakeTmp/CheckSymbolExists.c:
/* */
#include <fcntl.h>

int main(int argc, char** argv)
{
  (void)argv;
#ifndef open
  return ((int*)(&open))[argc];
#else
  (void)argc;
  return 0;
#endif
}

Determining if the realloc exist passed with the following output:
Change Dir: /mnt/c/work/node.lua.tour/modules/ubus/build/CMakeFiles/CMakeTmp

Run Build Command:/usr/bin/make "cmTryCompileExec3187856093/fast"
/usr/bin/make -f CMakeFiles/cmTryCompileExec3187856093.dir/build.make CMakeFiles/cmTryCompileExec3187856093.dir/build
make[1]: Entering directory `/mnt/c/work/node.lua.tour/modules/ubus/build/CMakeFiles/CMakeTmp'
/usr/bin/cmake -E cmake_progress_report /mnt/c/work/node.lua.tour/modules/ubus/build/CMakeFiles/CMakeTmp/CMakeFiles 1
Building C object CMakeFiles/cmTryCompileExec3187856093.dir/CheckSymbolExists.c.o
/usr/bin/cc  -D_GNU_SOURCE  -o CMakeFiles/cmTryCompileExec3187856093.dir/CheckSymbolExists.c.o   -c /mnt/c/work/node.lua.tour/modules/ubus/build/CMakeFiles/CMakeTmp/CheckSymbolExists.c
Linking C executable cmTryCompileExec3187856093
/usr/bin/cmake -E cmake_link_script CMakeFiles/cmTryCompileExec3187856093.dir/link.txt --verbose=1
/usr/bin/cc       CMakeFiles/cmTryCompileExec3187856093.dir/CheckSymbolExists.c.o  -o cmTryCompileExec3187856093 -rdynamic -lm 
make[1]: Leaving directory `/mnt/c/work/node.lua.tour/modules/ubus/build/CMakeFiles/CMakeTmp'

File /mnt/c/work/node.lua.tour/modules/ubus/build/CMakeFiles/CMakeTmp/CheckSymbolExists.c:
/* */
#include <stdlib.h>

int main(int argc, char** argv)
{
  (void)argv;
#ifndef realloc
  return ((int*)(&realloc))[argc];
#else
  (void)argc;
  return 0;
#endif
}

Determining if the setlocale exist passed with the following output:
Change Dir: /mnt/c/work/node.lua.tour/modules/ubus/build/CMakeFiles/CMakeTmp

Run Build Command:/usr/bin/make "cmTryCompileExec1613323817/fast"
/usr/bin/make -f CMakeFiles/cmTryCompileExec1613323817.dir/build.make CMakeFiles/cmTryCompileExec1613323817.dir/build
make[1]: Entering directory `/mnt/c/work/node.lua.tour/modules/ubus/build/CMakeFiles/CMakeTmp'
/usr/bin/cmake -E cmake_progress_report /mnt/c/work/node.lua.tour/modules/ubus/build/CMakeFiles/CMakeTmp/CMakeFiles 1
Building C object CMakeFiles/cmTryCompileExec1613323817.dir/CheckSymbolExists.c.o
/usr/bin/cc  -D_GNU_SOURCE  -o CMakeFiles/cmTryCompileExec1613323817.dir/CheckSymbolExists.c.o   -c /mnt/c/work/node.lua.tour/modules/ubus/build/CMakeFiles/CMakeTmp/CheckSymbolExists.c
Linking C executable cmTryCompileExec1613323817
/usr/bin/cmake -E cmake_link_script CMakeFiles/cmTryCompileExec1613323817.dir/link.txt --verbose=1
/usr/bin/cc       CMakeFiles/cmTryCompileExec1613323817.dir/CheckSymbolExists.c.o  -o cmTryCompileExec1613323817 -rdynamic -lm 
make[1]: Leaving directory `/mnt/c/work/node.lua.tour/modules/ubus/build/CMakeFiles/CMakeTmp'

File /mnt/c/work/node.lua.tour/modules/ubus/build/CMakeFiles/CMakeTmp/CheckSymbolExists.c:
/* */
#include <locale.h>

int main(int argc, char** argv)
{
  (void)argv;
#ifndef setlocale
  return ((int*)(&setlocale))[argc];
#else
  (void)argc;
  return 0;
#endif
}

Determining if the uselocale exist passed with the following output:
Change Dir: /mnt/c/work/node.lua.tour/modules/ubus/build/CMakeFiles/CMakeTmp

Run Build Command:/usr/bin/make "cmTryCompileExec3790929007/fast"
/usr/bin/make -f CMakeFiles/cmTryCompileExec3790929007.dir/build.make CMakeFiles/cmTryCompileExec3790929007.dir/build
make[1]: Entering directory `/mnt/c/work/node.lua.tour/modules/ubus/build/CMakeFiles/CMakeTmp'
/usr/bin/cmake -E cmake_progress_report /mnt/c/work/node.lua.tour/modules/ubus/build/CMakeFiles/CMakeTmp/CMakeFiles 1
Building C object CMakeFiles/cmTryCompileExec3790929007.dir/CheckSymbolExists.c.o
/usr/bin/cc  -D_GNU_SOURCE  -o CMakeFiles/cmTryCompileExec3790929007.dir/CheckSymbolExists.c.o   -c /mnt/c/work/node.lua.tour/modules/ubus/build/CMakeFiles/CMakeTmp/CheckSymbolExists.c
Linking C executable cmTryCompileExec3790929007
/usr/bin/cmake -E cmake_link_script CMakeFiles/cmTryCompileExec3790929007.dir/link.txt --verbose=1
/usr/bin/cc       CMakeFiles/cmTryCompileExec3790929007.dir/CheckSymbolExists.c.o  -o cmTryCompileExec3790929007 -rdynamic -lm 
make[1]: Leaving directory `/mnt/c/work/node.lua.tour/modules/ubus/build/CMakeFiles/CMakeTmp'

File /mnt/c/work/node.lua.tour/modules/ubus/build/CMakeFiles/CMakeTmp/CheckSymbolExists.c:
/* */
#include <locale.h>

int main(int argc, char** argv)
{
  (void)argv;
#ifndef uselocale
  return ((int*)(&uselocale))[argc];
#else
  (void)argc;
  return 0;
#endif
}

Determining if the strcasecmp exist passed with the following output:
Change Dir: /mnt/c/work/node.lua.tour/modules/ubus/build/CMakeFiles/CMakeTmp

Run Build Command:/usr/bin/make "cmTryCompileExec2262399013/fast"
/usr/bin/make -f CMakeFiles/cmTryCompileExec2262399013.dir/build.make CMakeFiles/cmTryCompileExec2262399013.dir/build
make[1]: Entering directory `/mnt/c/work/node.lua.tour/modules/ubus/build/CMakeFiles/CMakeTmp'
/usr/bin/cmake -E cmake_progress_report /mnt/c/work/node.lua.tour/modules/ubus/build/CMakeFiles/CMakeTmp/CMakeFiles 1
Building C object CMakeFiles/cmTryCompileExec2262399013.dir/CheckSymbolExists.c.o
/usr/bin/cc  -D_GNU_SOURCE  -o CMakeFiles/cmTryCompileExec2262399013.dir/CheckSymbolExists.c.o   -c /mnt/c/work/node.lua.tour/modules/ubus/build/CMakeFiles/CMakeTmp/CheckSymbolExists.c
Linking C executable cmTryCompileExec2262399013
/usr/bin/cmake -E cmake_link_script CMakeFiles/cmTryCompileExec2262399013.dir/link.txt --verbose=1
/usr/bin/cc       CMakeFiles/cmTryCompileExec2262399013.dir/CheckSymbolExists.c.o  -o cmTryCompileExec2262399013 -rdynamic -lm 
make[1]: Leaving directory `/mnt/c/work/node.lua.tour/modules/ubus/build/CMakeFiles/CMakeTmp'

File /mnt/c/work/node.lua.tour/modules/ubus/build/CMakeFiles/CMakeTmp/CheckSymbolExists.c:
/* */
#include <strings.h>

int main(int argc, char** argv)
{
  (void)argv;
#ifndef strcasecmp
  return ((int*)(&strcasecmp))[argc];
#else
  (void)argc;
  return 0;
#endif
}

Determining if the strncasecmp exist passed with the following output:
Change Dir: /mnt/c/work/node.lua.tour/modules/ubus/build/CMakeFiles/CMakeTmp

Run Build Command:/usr/bin/make "cmTryCompileExec241595760/fast"
/usr/bin/make -f CMakeFiles/cmTryCompileExec241595760.dir/build.make CMakeFiles/cmTryCompileExec241595760.dir/build
make[1]: Entering directory `/mnt/c/work/node.lua.tour/modules/ubus/build/CMakeFiles/CMakeTmp'
/usr/bin/cmake -E cmake_progress_report /mnt/c/work/node.lua.tour/modules/ubus/build/CMakeFiles/CMakeTmp/CMakeFiles 1
Building C object CMakeFiles/cmTryCompileExec241595760.dir/CheckSymbolExists.c.o
/usr/bin/cc  -D_GNU_SOURCE  -o CMakeFiles/cmTryCompileExec241595760.dir/CheckSymbolExists.c.o   -c /mnt/c/work/node.lua.tour/modules/ubus/build/CMakeFiles/CMakeTmp/CheckSymbolExists.c
Linking C executable cmTryCompileExec241595760
/usr/bin/cmake -E cmake_link_script CMakeFiles/cmTryCompileExec241595760.dir/link.txt --verbose=1
/usr/bin/cc       CMakeFiles/cmTryCompileExec241595760.dir/CheckSymbolExists.c.o  -o cmTryCompileExec241595760 -rdynamic -lm 
make[1]: Leaving directory `/mnt/c/work/node.lua.tour/modules/ubus/build/CMakeFiles/CMakeTmp'

File /mnt/c/work/node.lua.tour/modules/ubus/build/CMakeFiles/CMakeTmp/CheckSymbolExists.c:
/* */
#include <strings.h>

int main(int argc, char** argv)
{
  (void)argv;
#ifndef strncasecmp
  return ((int*)(&strncasecmp))[argc];
#else
  (void)argc;
  return 0;
#endif
}

Determining if the strdup exist passed with the following output:
Change Dir: /mnt/c/work/node.lua.tour/modules/ubus/build/CMakeFiles/CMakeTmp

Run Build Command:/usr/bin/make "cmTryCompileExec3664331139/fast"
/usr/bin/make -f CMakeFiles/cmTryCompileExec3664331139.dir/build.make CMakeFiles/cmTryCompileExec3664331139.dir/build
make[1]: Entering directory `/mnt/c/work/node.lua.tour/modules/ubus/build/CMakeFiles/CMakeTmp'
/usr/bin/cmake -E cmake_progress_report /mnt/c/work/node.lua.tour/modules/ubus/build/CMakeFiles/CMakeTmp/CMakeFiles 1
Building C object CMakeFiles/cmTryCompileExec3664331139.dir/CheckSymbolExists.c.o
/usr/bin/cc  -D_GNU_SOURCE  -o CMakeFiles/cmTryCompileExec3664331139.dir/CheckSymbolExists.c.o   -c /mnt/c/work/node.lua.tour/modules/ubus/build/CMakeFiles/CMakeTmp/CheckSymbolExists.c
Linking C executable cmTryCompileExec3664331139
/usr/bin/cmake -E cmake_link_script CMakeFiles/cmTryCompileExec3664331139.dir/link.txt --verbose=1
/usr/bin/cc       CMakeFiles/cmTryCompileExec3664331139.dir/CheckSymbolExists.c.o  -o cmTryCompileExec3664331139 -rdynamic -lm 
make[1]: Leaving directory `/mnt/c/work/node.lua.tour/modules/ubus/build/CMakeFiles/CMakeTmp'

File /mnt/c/work/node.lua.tour/modules/ubus/build/CMakeFiles/CMakeTmp/CheckSymbolExists.c:
/* */
#include <string.h>

int main(int argc, char** argv)
{
  (void)argv;
#ifndef strdup
  return ((int*)(&strdup))[argc];
#else
  (void)argc;
  return 0;
#endif
}

Determining if the strerror exist passed with the following output:
Change Dir: /mnt/c/work/node.lua.tour/modules/ubus/build/CMakeFiles/CMakeTmp

Run Build Command:/usr/bin/make "cmTryCompileExec1008796245/fast"
/usr/bin/make -f CMakeFiles/cmTryCompileExec1008796245.dir/build.make CMakeFiles/cmTryCompileExec1008796245.dir/build
make[1]: Entering directory `/mnt/c/work/node.lua.tour/modules/ubus/build/CMakeFiles/CMakeTmp'
/usr/bin/cmake -E cmake_progress_report /mnt/c/work/node.lua.tour/modules/ubus/build/CMakeFiles/CMakeTmp/CMakeFiles 1
Building C object CMakeFiles/cmTryCompileExec1008796245.dir/CheckSymbolExists.c.o
/usr/bin/cc  -D_GNU_SOURCE  -o CMakeFiles/cmTryCompileExec1008796245.dir/CheckSymbolExists.c.o   -c /mnt/c/work/node.lua.tour/modules/ubus/build/CMakeFiles/CMakeTmp/CheckSymbolExists.c
Linking C executable cmTryCompileExec1008796245
/usr/bin/cmake -E cmake_link_script CMakeFiles/cmTryCompileExec1008796245.dir/link.txt --verbose=1
/usr/bin/cc       CMakeFiles/cmTryCompileExec1008796245.dir/CheckSymbolExists.c.o  -o cmTryCompileExec1008796245 -rdynamic -lm 
make[1]: Leaving directory `/mnt/c/work/node.lua.tour/modules/ubus/build/CMakeFiles/CMakeTmp'

File /mnt/c/work/node.lua.tour/modules/ubus/build/CMakeFiles/CMakeTmp/CheckSymbolExists.c:
/* */
#include <string.h>

int main(int argc, char** argv)
{
  (void)argv;
#ifndef strerror
  return ((int*)(&strerror))[argc];
#else
  (void)argc;
  return 0;
#endif
}

Determining if the vsyslog exist passed with the following output:
Change Dir: /mnt/c/work/node.lua.tour/modules/ubus/build/CMakeFiles/CMakeTmp

Run Build Command:/usr/bin/make "cmTryCompileExec4023435228/fast"
/usr/bin/make -f CMakeFiles/cmTryCompileExec4023435228.dir/build.make CMakeFiles/cmTryCompileExec4023435228.dir/build
make[1]: Entering directory `/mnt/c/work/node.lua.tour/modules/ubus/build/CMakeFiles/CMakeTmp'
/usr/bin/cmake -E cmake_progress_report /mnt/c/work/node.lua.tour/modules/ubus/build/CMakeFiles/CMakeTmp/CMakeFiles 1
Building C object CMakeFiles/cmTryCompileExec4023435228.dir/CheckSymbolExists.c.o
/usr/bin/cc  -D_GNU_SOURCE  -o CMakeFiles/cmTryCompileExec4023435228.dir/CheckSymbolExists.c.o   -c /mnt/c/work/node.lua.tour/modules/ubus/build/CMakeFiles/CMakeTmp/CheckSymbolExists.c
Linking C executable cmTryCompileExec4023435228
/usr/bin/cmake -E cmake_link_script CMakeFiles/cmTryCompileExec4023435228.dir/link.txt --verbose=1
/usr/bin/cc       CMakeFiles/cmTryCompileExec4023435228.dir/CheckSymbolExists.c.o  -o cmTryCompileExec4023435228 -rdynamic -lm 
make[1]: Leaving directory `/mnt/c/work/node.lua.tour/modules/ubus/build/CMakeFiles/CMakeTmp'

File /mnt/c/work/node.lua.tour/modules/ubus/build/CMakeFiles/CMakeTmp/CheckSymbolExists.c:
/* */
#include <syslog.h>

int main(int argc, char** argv)
{
  (void)argv;
#ifndef vsyslog
  return ((int*)(&vsyslog))[argc];
#else
  (void)argc;
  return 0;
#endif
}

Determining if the include file stddef.h exists passed with the following output:
Change Dir: /mnt/c/work/node.lua.tour/modules/ubus/build/CMakeFiles/CMakeTmp

Run Build Command:/usr/bin/make "cmTryCompileExec445059633/fast"
/usr/bin/make -f CMakeFiles/cmTryCompileExec445059633.dir/build.make CMakeFiles/cmTryCompileExec445059633.dir/build
make[1]: Entering directory `/mnt/c/work/node.lua.tour/modules/ubus/build/CMakeFiles/CMakeTmp'
/usr/bin/cmake -E cmake_progress_report /mnt/c/work/node.lua.tour/modules/ubus/build/CMakeFiles/CMakeTmp/CMakeFiles 1
Building C object CMakeFiles/cmTryCompileExec445059633.dir/CheckIncludeFile.c.o
/usr/bin/cc  -D_GNU_SOURCE  -o CMakeFiles/cmTryCompileExec445059633.dir/CheckIncludeFile.c.o   -c /mnt/c/work/node.lua.tour/modules/ubus/build/CMakeFiles/CMakeTmp/CheckIncludeFile.c
Linking C executable cmTryCompileExec445059633
/usr/bin/cmake -E cmake_link_script CMakeFiles/cmTryCompileExec445059633.dir/link.txt --verbose=1
/usr/bin/cc       CMakeFiles/cmTryCompileExec445059633.dir/CheckIncludeFile.c.o  -o cmTryCompileExec445059633 -rdynamic 
make[1]: Leaving directory `/mnt/c/work/node.lua.tour/modules/ubus/build/CMakeFiles/CMakeTmp'


Determining size of int passed with the following output:
Change Dir: /mnt/c/work/node.lua.tour/modules/ubus/build/CMakeFiles/CMakeTmp

Run Build Command:/usr/bin/make "cmTryCompileExec3732013783/fast"
/usr/bin/make -f CMakeFiles/cmTryCompileExec3732013783.dir/build.make CMakeFiles/cmTryCompileExec3732013783.dir/build
make[1]: Entering directory `/mnt/c/work/node.lua.tour/modules/ubus/build/CMakeFiles/CMakeTmp'
/usr/bin/cmake -E cmake_progress_report /mnt/c/work/node.lua.tour/modules/ubus/build/CMakeFiles/CMakeTmp/CMakeFiles 1
Building C object CMakeFiles/cmTryCompileExec3732013783.dir/SIZEOF_INT.c.o
/usr/bin/cc  -D_GNU_SOURCE  -o CMakeFiles/cmTryCompileExec3732013783.dir/SIZEOF_INT.c.o   -c /mnt/c/work/node.lua.tour/modules/ubus/build/CMakeFiles/CheckTypeSize/SIZEOF_INT.c
Linking C executable cmTryCompileExec3732013783
/usr/bin/cmake -E cmake_link_script CMakeFiles/cmTryCompileExec3732013783.dir/link.txt --verbose=1
/usr/bin/cc       CMakeFiles/cmTryCompileExec3732013783.dir/SIZEOF_INT.c.o  -o cmTryCompileExec3732013783 -rdynamic -lm 
make[1]: Leaving directory `/mnt/c/work/node.lua.tour/modules/ubus/build/CMakeFiles/CMakeTmp'


Determining size of int64_t passed with the following output:
Change Dir: /mnt/c/work/node.lua.tour/modules/ubus/build/CMakeFiles/CMakeTmp

Run Build Command:/usr/bin/make "cmTryCompileExec619738329/fast"
/usr/bin/make -f CMakeFiles/cmTryCompileExec619738329.dir/build.make CMakeFiles/cmTryCompileExec619738329.dir/build
make[1]: Entering directory `/mnt/c/work/node.lua.tour/modules/ubus/build/CMakeFiles/CMakeTmp'
/usr/bin/cmake -E cmake_progress_report /mnt/c/work/node.lua.tour/modules/ubus/build/CMakeFiles/CMakeTmp/CMakeFiles 1
Building C object CMakeFiles/cmTryCompileExec619738329.dir/SIZEOF_INT64_T.c.o
/usr/bin/cc  -D_GNU_SOURCE  -o CMakeFiles/cmTryCompileExec619738329.dir/SIZEOF_INT64_T.c.o   -c /mnt/c/work/node.lua.tour/modules/ubus/build/CMakeFiles/CheckTypeSize/SIZEOF_INT64_T.c
Linking C executable cmTryCompileExec619738329
/usr/bin/cmake -E cmake_link_script CMakeFiles/cmTryCompileExec619738329.dir/link.txt --verbose=1
/usr/bin/cc       CMakeFiles/cmTryCompileExec619738329.dir/SIZEOF_INT64_T.c.o  -o cmTryCompileExec619738329 -rdynamic -lm 
make[1]: Leaving directory `/mnt/c/work/node.lua.tour/modules/ubus/build/CMakeFiles/CMakeTmp'


Determining size of long passed with the following output:
Change Dir: /mnt/c/work/node.lua.tour/modules/ubus/build/CMakeFiles/CMakeTmp

Run Build Command:/usr/bin/make "cmTryCompileExec1609444037/fast"
/usr/bin/make -f CMakeFiles/cmTryCompileExec1609444037.dir/build.make CMakeFiles/cmTryCompileExec1609444037.dir/build
make[1]: Entering directory `/mnt/c/work/node.lua.tour/modules/ubus/build/CMakeFiles/CMakeTmp'
/usr/bin/cmake -E cmake_progress_report /mnt/c/work/node.lua.tour/modules/ubus/build/CMakeFiles/CMakeTmp/CMakeFiles 1
Building C object CMakeFiles/cmTryCompileExec1609444037.dir/SIZEOF_LONG.c.o
/usr/bin/cc  -D_GNU_SOURCE  -o CMakeFiles/cmTryCompileExec1609444037.dir/SIZEOF_LONG.c.o   -c /mnt/c/work/node.lua.tour/modules/ubus/build/CMakeFiles/CheckTypeSize/SIZEOF_LONG.c
Linking C executable cmTryCompileExec1609444037
/usr/bin/cmake -E cmake_link_script CMakeFiles/cmTryCompileExec1609444037.dir/link.txt --verbose=1
/usr/bin/cc       CMakeFiles/cmTryCompileExec1609444037.dir/SIZEOF_LONG.c.o  -o cmTryCompileExec1609444037 -rdynamic -lm 
make[1]: Leaving directory `/mnt/c/work/node.lua.tour/modules/ubus/build/CMakeFiles/CMakeTmp'


Determining size of long long passed with the following output:
Change Dir: /mnt/c/work/node.lua.tour/modules/ubus/build/CMakeFiles/CMakeTmp

Run Build Command:/usr/bin/make "cmTryCompileExec3160000550/fast"
/usr/bin/make -f CMakeFiles/cmTryCompileExec3160000550.dir/build.make CMakeFiles/cmTryCompileExec3160000550.dir/build
make[1]: Entering directory `/mnt/c/work/node.lua.tour/modules/ubus/build/CMakeFiles/CMakeTmp'
/usr/bin/cmake -E cmake_progress_report /mnt/c/work/node.lua.tour/modules/ubus/build/CMakeFiles/CMakeTmp/CMakeFiles 1
Building C object CMakeFiles/cmTryCompileExec3160000550.dir/SIZEOF_LONG_LONG.c.o
/usr/bin/cc  -D_GNU_SOURCE  -o CMakeFiles/cmTryCompileExec3160000550.dir/SIZEOF_LONG_LONG.c.o   -c /mnt/c/work/node.lua.tour/modules/ubus/build/CMakeFiles/CheckTypeSize/SIZEOF_LONG_LONG.c
Linking C executable cmTryCompileExec3160000550
/usr/bin/cmake -E cmake_link_script CMakeFiles/cmTryCompileExec3160000550.dir/link.txt --verbose=1
/usr/bin/cc       CMakeFiles/cmTryCompileExec3160000550.dir/SIZEOF_LONG_LONG.c.o  -o cmTryCompileExec3160000550 -rdynamic -lm 
make[1]: Leaving directory `/mnt/c/work/node.lua.tour/modules/ubus/build/CMakeFiles/CMakeTmp'


Determining size of size_t passed with the following output:
Change Dir: /mnt/c/work/node.lua.tour/modules/ubus/build/CMakeFiles/CMakeTmp

Run Build Command:/usr/bin/make "cmTryCompileExec2789898278/fast"
/usr/bin/make -f CMakeFiles/cmTryCompileExec2789898278.dir/build.make CMakeFiles/cmTryCompileExec2789898278.dir/build
make[1]: Entering directory `/mnt/c/work/node.lua.tour/modules/ubus/build/CMakeFiles/CMakeTmp'
/usr/bin/cmake -E cmake_progress_report /mnt/c/work/node.lua.tour/modules/ubus/build/CMakeFiles/CMakeTmp/CMakeFiles 1
Building C object CMakeFiles/cmTryCompileExec2789898278.dir/SIZEOF_SIZE_T.c.o
/usr/bin/cc  -D_GNU_SOURCE  -o CMakeFiles/cmTryCompileExec2789898278.dir/SIZEOF_SIZE_T.c.o   -c /mnt/c/work/node.lua.tour/modules/ubus/build/CMakeFiles/CheckTypeSize/SIZEOF_SIZE_T.c
Linking C executable cmTryCompileExec2789898278
/usr/bin/cmake -E cmake_link_script CMakeFiles/cmTryCompileExec2789898278.dir/link.txt --verbose=1
/usr/bin/cc       CMakeFiles/cmTryCompileExec2789898278.dir/SIZEOF_SIZE_T.c.o  -o cmTryCompileExec2789898278 -rdynamic -lm 
make[1]: Leaving directory `/mnt/c/work/node.lua.tour/modules/ubus/build/CMakeFiles/CMakeTmp'


Performing C SOURCE FILE Test HAVE_ATOMIC_BUILTINS succeded with the following output:
Change Dir: /mnt/c/work/node.lua.tour/modules/ubus/build/CMakeFiles/CMakeTmp

Run Build Command:/usr/bin/make "cmTryCompileExec854263295/fast"
/usr/bin/make -f CMakeFiles/cmTryCompileExec854263295.dir/build.make CMakeFiles/cmTryCompileExec854263295.dir/build
make[1]: Entering directory `/mnt/c/work/node.lua.tour/modules/ubus/build/CMakeFiles/CMakeTmp'
/usr/bin/cmake -E cmake_progress_report /mnt/c/work/node.lua.tour/modules/ubus/build/CMakeFiles/CMakeTmp/CMakeFiles 1
Building C object CMakeFiles/cmTryCompileExec854263295.dir/src.c.o
/usr/bin/cc  -D_GNU_SOURCE -DHAVE_ATOMIC_BUILTINS   -o CMakeFiles/cmTryCompileExec854263295.dir/src.c.o   -c /mnt/c/work/node.lua.tour/modules/ubus/build/CMakeFiles/CMakeTmp/src.c
Linking C executable cmTryCompileExec854263295
/usr/bin/cmake -E cmake_link_script CMakeFiles/cmTryCompileExec854263295.dir/link.txt --verbose=1
/usr/bin/cc   -DHAVE_ATOMIC_BUILTINS    CMakeFiles/cmTryCompileExec854263295.dir/src.c.o  -o cmTryCompileExec854263295 -rdynamic -lm 
make[1]: Leaving directory `/mnt/c/work/node.lua.tour/modules/ubus/build/CMakeFiles/CMakeTmp'

Source file was:
int main() { int i, x = 0; i = __sync_add_and_fetch(&x,1); return x; }
Performing C SOURCE FILE Test HAVE___THREAD succeded with the following output:
Change Dir: /mnt/c/work/node.lua.tour/modules/ubus/build/CMakeFiles/CMakeTmp

Run Build Command:/usr/bin/make "cmTryCompileExec35687030/fast"
/usr/bin/make -f CMakeFiles/cmTryCompileExec35687030.dir/build.make CMakeFiles/cmTryCompileExec35687030.dir/build
make[1]: Entering directory `/mnt/c/work/node.lua.tour/modules/ubus/build/CMakeFiles/CMakeTmp'
/usr/bin/cmake -E cmake_progress_report /mnt/c/work/node.lua.tour/modules/ubus/build/CMakeFiles/CMakeTmp/CMakeFiles 1
Building C object CMakeFiles/cmTryCompileExec35687030.dir/src.c.o
/usr/bin/cc  -D_GNU_SOURCE -DHAVE___THREAD   -o CMakeFiles/cmTryCompileExec35687030.dir/src.c.o   -c /mnt/c/work/node.lua.tour/modules/ubus/build/CMakeFiles/CMakeTmp/src.c
Linking C executable cmTryCompileExec35687030
/usr/bin/cmake -E cmake_link_script CMakeFiles/cmTryCompileExec35687030.dir/link.txt --verbose=1
/usr/bin/cc   -DHAVE___THREAD    CMakeFiles/cmTryCompileExec35687030.dir/src.c.o  -o cmTryCompileExec35687030 -rdynamic -lm 
make[1]: Leaving directory `/mnt/c/work/node.lua.tour/modules/ubus/build/CMakeFiles/CMakeTmp'

Source file was:
__thread int x = 0; int main() { return 0; }
Determining if the function clock_gettime exists passed with the following output:
Change Dir: /mnt/c/work/node.lua.tour/modules/ubus/build/CMakeFiles/CMakeTmp

Run Build Command:/usr/bin/make "cmTryCompileExec1262500412/fast"
/usr/bin/make -f CMakeFiles/cmTryCompileExec1262500412.dir/build.make CMakeFiles/cmTryCompileExec1262500412.dir/build
make[1]: Entering directory `/mnt/c/work/node.lua.tour/modules/ubus/build/CMakeFiles/CMakeTmp'
/usr/bin/cmake -E cmake_progress_report /mnt/c/work/node.lua.tour/modules/ubus/build/CMakeFiles/CMakeTmp/CMakeFiles 1
Building C object CMakeFiles/cmTryCompileExec1262500412.dir/CheckFunctionExists.c.o
/usr/bin/cc   -DCHECK_FUNCTION_EXISTS=clock_gettime   -o CMakeFiles/cmTryCompileExec1262500412.dir/CheckFunctionExists.c.o   -c /usr/share/cmake-2.8/Modules/CheckFunctionExists.c
Linking C executable cmTryCompileExec1262500412
/usr/bin/cmake -E cmake_link_script CMakeFiles/cmTryCompileExec1262500412.dir/link.txt --verbose=1
/usr/bin/cc   -DCHECK_FUNCTION_EXISTS=clock_gettime    CMakeFiles/cmTryCompileExec1262500412.dir/CheckFunctionExists.c.o  -o cmTryCompileExec1262500412 -rdynamic 
make[1]: Leaving directory `/mnt/c/work/node.lua.tour/modules/ubus/build/CMakeFiles/CMakeTmp'


