Determining if the _isnan exist failed with the following output:
Change Dir: /mnt/c/work/node.lua.tour/modules/ubus/build/CMakeFiles/CMakeTmp

Run Build Command:/usr/bin/make "cmTryCompileExec2638783358/fast"
/usr/bin/make -f CMakeFiles/cmTryCompileExec2638783358.dir/build.make CMakeFiles/cmTryCompileExec2638783358.dir/build
make[1]: Entering directory `/mnt/c/work/node.lua.tour/modules/ubus/build/CMakeFiles/CMakeTmp'
/usr/bin/cmake -E cmake_progress_report /mnt/c/work/node.lua.tour/modules/ubus/build/CMakeFiles/CMakeTmp/CMakeFiles 1
Building C object CMakeFiles/cmTryCompileExec2638783358.dir/CheckSymbolExists.c.o
/usr/bin/cc  -D_GNU_SOURCE  -o CMakeFiles/cmTryCompileExec2638783358.dir/CheckSymbolExists.c.o   -c /mnt/c/work/node.lua.tour/modules/ubus/build/CMakeFiles/CMakeTmp/CheckSymbolExists.c
/mnt/c/work/node.lua.tour/modules/ubus/build/CMakeFiles/CMakeTmp/CheckSymbolExists.c: In function ‘main’:
/mnt/c/work/node.lua.tour/modules/ubus/build/CMakeFiles/CMakeTmp/CheckSymbolExists.c:8:19: error: ‘_isnan’ undeclared (first use in this function)
   return ((int*)(&_isnan))[argc];
                   ^
/mnt/c/work/node.lua.tour/modules/ubus/build/CMakeFiles/CMakeTmp/CheckSymbolExists.c:8:19: note: each undeclared identifier is reported only once for each function it appears in
make[1]: Leaving directory `/mnt/c/work/node.lua.tour/modules/ubus/build/CMakeFiles/CMakeTmp'
make[1]: *** [CMakeFiles/cmTryCompileExec2638783358.dir/CheckSymbolExists.c.o] Error 1
make: *** [cmTryCompileExec2638783358/fast] Error 2

File /mnt/c/work/node.lua.tour/modules/ubus/build/CMakeFiles/CMakeTmp/CheckSymbolExists.c:
/* */
#include <float.h>

int main(int argc, char** argv)
{
  (void)argv;
#ifndef _isnan
  return ((int*)(&_isnan))[argc];
#else
  (void)argc;
  return 0;
#endif
}

Determining if the _finite exist failed with the following output:
Change Dir: /mnt/c/work/node.lua.tour/modules/ubus/build/CMakeFiles/CMakeTmp

Run Build Command:/usr/bin/make "cmTryCompileExec1186113839/fast"
/usr/bin/make -f CMakeFiles/cmTryCompileExec1186113839.dir/build.make CMakeFiles/cmTryCompileExec1186113839.dir/build
make[1]: Entering directory `/mnt/c/work/node.lua.tour/modules/ubus/build/CMakeFiles/CMakeTmp'
/usr/bin/cmake -E cmake_progress_report /mnt/c/work/node.lua.tour/modules/ubus/build/CMakeFiles/CMakeTmp/CMakeFiles 1
Building C object CMakeFiles/cmTryCompileExec1186113839.dir/CheckSymbolExists.c.o
/usr/bin/cc  -D_GNU_SOURCE  -o CMakeFiles/cmTryCompileExec1186113839.dir/CheckSymbolExists.c.o   -c /mnt/c/work/node.lua.tour/modules/ubus/build/CMakeFiles/CMakeTmp/CheckSymbolExists.c
/mnt/c/work/node.lua.tour/modules/ubus/build/CMakeFiles/CMakeTmp/CheckSymbolExists.c: In function ‘main’:
/mnt/c/work/node.lua.tour/modules/ubus/build/CMakeFiles/CMakeTmp/CheckSymbolExists.c:8:19: error: ‘_finite’ undeclared (first use in this function)
   return ((int*)(&_finite))[argc];
                   ^
/mnt/c/work/node.lua.tour/modules/ubus/build/CMakeFiles/CMakeTmp/CheckSymbolExists.c:8:19: note: each undeclared identifier is reported only once for each function it appears in
make[1]: *** [CMakeFiles/cmTryCompileExec1186113839.dir/CheckSymbolExists.c.o] Error 1
make[1]: Leaving directory `/mnt/c/work/node.lua.tour/modules/ubus/build/CMakeFiles/CMakeTmp'
make: *** [cmTryCompileExec1186113839/fast] Error 2

File /mnt/c/work/node.lua.tour/modules/ubus/build/CMakeFiles/CMakeTmp/CheckSymbolExists.c:
/* */
#include <float.h>

int main(int argc, char** argv)
{
  (void)argv;
#ifndef _finite
  return ((int*)(&_finite))[argc];
#else
  (void)argc;
  return 0;
#endif
}

Determining if the _doprnt exist failed with the following output:
Change Dir: /mnt/c/work/node.lua.tour/modules/ubus/build/CMakeFiles/CMakeTmp

Run Build Command:/usr/bin/make "cmTryCompileExec4161050557/fast"
/usr/bin/make -f CMakeFiles/cmTryCompileExec4161050557.dir/build.make CMakeFiles/cmTryCompileExec4161050557.dir/build
make[1]: Entering directory `/mnt/c/work/node.lua.tour/modules/ubus/build/CMakeFiles/CMakeTmp'
/usr/bin/cmake -E cmake_progress_report /mnt/c/work/node.lua.tour/modules/ubus/build/CMakeFiles/CMakeTmp/CMakeFiles 1
Building C object CMakeFiles/cmTryCompileExec4161050557.dir/CheckSymbolExists.c.o
/usr/bin/cc  -D_GNU_SOURCE  -o CMakeFiles/cmTryCompileExec4161050557.dir/CheckSymbolExists.c.o   -c /mnt/c/work/node.lua.tour/modules/ubus/build/CMakeFiles/CMakeTmp/CheckSymbolExists.c
/mnt/c/work/node.lua.tour/modules/ubus/build/CMakeFiles/CMakeTmp/CheckSymbolExists.c: In function ‘main’:
/mnt/c/work/node.lua.tour/modules/ubus/build/CMakeFiles/CMakeTmp/CheckSymbolExists.c:8:19: error: ‘_doprnt’ undeclared (first use in this function)
   return ((int*)(&_doprnt))[argc];
                   ^
/mnt/c/work/node.lua.tour/modules/ubus/build/CMakeFiles/CMakeTmp/CheckSymbolExists.c:8:19: note: each undeclared identifier is reported only once for each function it appears in
make[1]: *** [CMakeFiles/cmTryCompileExec4161050557.dir/CheckSymbolExists.c.o] Error 1
make[1]: Leaving directory `/mnt/c/work/node.lua.tour/modules/ubus/build/CMakeFiles/CMakeTmp'
make: *** [cmTryCompileExec4161050557/fast] Error 2

File /mnt/c/work/node.lua.tour/modules/ubus/build/CMakeFiles/CMakeTmp/CheckSymbolExists.c:
/* */
#include <stdio.h>

int main(int argc, char** argv)
{
  (void)argv;
#ifndef _doprnt
  return ((int*)(&_doprnt))[argc];
#else
  (void)argc;
  return 0;
#endif
}

